Using launch settings from .\BikeMate.Api\Properties\launchSettings.json...
Building...
info: Microsoft.Hosting.Lifetime[14]
      Now listening on: https://localhost:5001
info: Microsoft.Hosting.Lifetime[14]
      Now listening on: http://localhost:5000
info: Microsoft.Hosting.Lifetime[0]
      Application started. Press Ctrl+C to shut down.
info: Microsoft.Hosting.Lifetime[0]
      Hosting environment: Development
info: Microsoft.Hosting.Lifetime[0]
      Content root path: C:\Users\Admin\Documents\PROJECTSSS\BikeMate\BikeMate.Api
info: Microsoft.EntityFrameworkCore.Database.Command[20101]
      Executed DbCommand (45ms) [Parameters=[@userId='?' (DbType = Int32)], CommandType='Text', CommandTimeout='30']
      SELECT TOP(2) [c].[ClientId], [c].[CreatedAt], [c].[UserId]
      FROM [dbo].[clients] AS [c]
      WHERE [c].[UserId] = @userId
info: Microsoft.EntityFrameworkCore.Database.Command[20101]
      Executed DbCommand (4ms) [Parameters=[], CommandType='Text', CommandTimeout='30']
      SELECT TOP(2) [r].[StatusId]
      FROM [dbo].[request_statuses] AS [r]
      WHERE [r].[StatusName] = N'pending'
info: Microsoft.EntityFrameworkCore.Database.Command[20101]
      Executed DbCommand (2ms) [Parameters=[@dto_ShopServiceId='?' (DbType = Int32)], CommandType='Text', CommandTimeout='30']
      SELECT TOP(1) [s].[BasePrice]
      FROM [dbo].[shop_services] AS [s]
      WHERE [s].[ShopServiceId] = @dto_ShopServiceId
info: Microsoft.EntityFrameworkCore.Database.Command[20101]
      Executed DbCommand (138ms) [Parameters=[@p0='?' (DbType = DateTime2), @p1='?' (DbType = DateTime2), @p2='?' (DbType = Int32), @p3='?' (DbType = DateTime2), @p4='?' (DbType = DateTime2), @p5='?' (DbType = Int32), @p6='?' (Precision = 10) (Scale = 2) (DbType = Decimal), @p7='?' (Precision = 10) (Scale = 2) (DbType = Decimal), @p8='?' (Size = 4000), @p9='?' (DbType = Int32), @p10='?' (DbType = Int32), @p11='?' (DbType = DateTime2), @p12='?' (Precision = 10) (Scale = 8) (DbType = Decimal), @p13='?' (Size = 500), @p14='?' (Precision = 11) (Scale = 8) (DbType = Decimal), @p15='?' (DbType = Int32), @p16='?' (DbType = Int32)], CommandType='Text', CommandTimeout='30']
      SET NOCOUNT ON;
      INSERT INTO [dbo].[service_requests] ([AcceptedAt], [CancelledAt], [ClientId], [CompletedAt], [CreatedAt], [CurrentStatusId], [EstimatedTotal], [FinalTotal], [IssueDescription], [MechanicId], [MotorcycleId], [ScheduledAt], [ServiceLatitude], [ServiceLocationAddress], [ServiceLongitude], [ShopId], [ShopServiceId])
      VALUES (@p0, @p1, @p2, @p3, @p4, @p5, @p6, @p7, @p8, @p9, @p10, @p11, @p12, @p13, @p14, @p15, @p16);
      SELECT [RequestId]
      FROM [dbo].[service_requests]
      WHERE @@ROWCOUNT = 1 AND [RequestId] = scope_identity();
info: Microsoft.EntityFrameworkCore.Database.Command[20101]
      Executed DbCommand (14ms) [Parameters=[@request_RequestId='?' (DbType = Int32)], CommandType='Text', CommandTimeout='30']
      SELECT TOP(2) [s].[RequestId], [r].[StatusName], [u].[FirstName] + N' ' + [u].[LastName], CASE
          WHEN [m].[MechanicId] IS NULL THEN NULL
          ELSE COALESCE([u0].[FirstName], N'') + N' ' + COALESCE([u0].[LastName], N'')
      END, [s0].[ShopName], [s1].[ServiceName], [s].[IssueDescription], [s].[ServiceLocationAddress], [s].[ScheduledAt], [s].[EstimatedTotal], [s].[FinalTotal], [s].[CreatedAt]
      FROM [dbo].[service_requests] AS [s]
      INNER JOIN [dbo].[request_statuses] AS [r] ON [s].[CurrentStatusId] = [r].[StatusId]
      INNER JOIN [dbo].[clients] AS [c] ON [s].[ClientId] = [c].[ClientId]
      INNER JOIN [dbo].[users] AS [u] ON [c].[UserId] = [u].[UserId]
      LEFT JOIN [dbo].[mechanics] AS [m] ON [s].[MechanicId] = [m].[MechanicId]
      LEFT JOIN [dbo].[users] AS [u0] ON [m].[UserId] = [u0].[UserId]
      LEFT JOIN [dbo].[shops] AS [s0] ON [s].[ShopId] = [s0].[ShopId]
      LEFT JOIN [dbo].[shop_services] AS [s1] ON [s].[ShopServiceId] = [s1].[ShopServiceId]
      WHERE [s].[RequestId] = @request_RequestId
info: Microsoft.EntityFrameworkCore.Database.Command[20101]
      Executed DbCommand (32ms) [Parameters=[@id='?' (DbType = Int32)], CommandType='Text', CommandTimeout='30']
      SELECT TOP(2) [s].[RequestId], [r].[StatusName], [u].[FirstName] + N' ' + [u].[LastName], CASE
          WHEN [m].[MechanicId] IS NULL THEN NULL
          ELSE COALESCE([u0].[FirstName], N'') + N' ' + COALESCE([u0].[LastName], N'')
      END, [s0].[ShopName], [s1].[ServiceName], [s].[IssueDescription], [s].[ServiceLocationAddress], [s].[ScheduledAt], [s].[EstimatedTotal], [s].[FinalTotal], [s].[CreatedAt]
      FROM [dbo].[service_requests] AS [s]
      INNER JOIN [dbo].[request_statuses] AS [r] ON [s].[CurrentStatusId] = [r].[StatusId]
      INNER JOIN [dbo].[clients] AS [c] ON [s].[ClientId] = [c].[ClientId]
      INNER JOIN [dbo].[users] AS [u] ON [c].[UserId] = [u].[UserId]
      LEFT JOIN [dbo].[mechanics] AS [m] ON [s].[MechanicId] = [m].[MechanicId]
      LEFT JOIN [dbo].[users] AS [u0] ON [m].[UserId] = [u0].[UserId]
      LEFT JOIN [dbo].[shops] AS [s0] ON [s].[ShopId] = [s0].[ShopId]
      LEFT JOIN [dbo].[shop_services] AS [s1] ON [s].[ShopServiceId] = [s1].[ShopServiceId]
      WHERE [s].[RequestId] = @id
info: Microsoft.EntityFrameworkCore.Database.Command[20101]
      Executed DbCommand (12ms) [Parameters=[@normalizedEmail='?' (Size = 255)], CommandType='Text', CommandTimeout='30']
      SELECT [u1].[UserId], [u1].[AccountStatus], [u1].[CreatedAt], [u1].[Email], [u1].[EmailVerified], [u1].[FirstName], [u1].[LastName], [u1].[PasswordHash], [u1].[PhoneNumber], [u1].[PhoneVerified], [u1].[ProfileImageUrl], [u1].[UpdatedAt], [s].[UserId], [s].[RoleId], [s].[AssignedAt], [s].[RoleId0], [s].[RoleName]
      FROM (
          SELECT TOP(2) [u].[UserId], [u].[AccountStatus], [u].[CreatedAt], [u].[Email], [u].[EmailVerified], [u].[FirstName], [u].[LastName], [u].[PasswordHash], [u].[PhoneNumber], [u].[PhoneVerified], [u].[ProfileImageUrl], [u].[UpdatedAt]
          FROM [dbo].[users] AS [u]
          WHERE [u].[Email] = @normalizedEmail
      ) AS [u1]
      LEFT JOIN (
          SELECT [u0].[UserId], [u0].[RoleId], [u0].[AssignedAt], [r].[RoleId] AS [RoleId0], [r].[RoleName]
          FROM [dbo].[user_roles] AS [u0]
          INNER JOIN [dbo].[roles] AS [r] ON [u0].[RoleId] = [r].[RoleId]
      ) AS [s] ON [u1].[UserId] = [s].[UserId]
      ORDER BY [u1].[UserId], [s].[UserId], [s].[RoleId]
info: Microsoft.EntityFrameworkCore.Database.Command[20101]
      Executed DbCommand (13ms) [Parameters=[@userId='?' (DbType = Int32)], CommandType='Text', CommandTimeout='30']
      SELECT [s].[RequestId], [r].[StatusName], [u].[FirstName] + N' ' + [u].[LastName], CASE
          WHEN [m].[MechanicId] IS NULL THEN NULL
          ELSE COALESCE([u0].[FirstName], N'') + N' ' + COALESCE([u0].[LastName], N'')
      END, [s0].[ShopName], [s1].[ServiceName], [s].[IssueDescription], [s].[ServiceLocationAddress], [s].[ScheduledAt], [s].[EstimatedTotal], [s].[FinalTotal], [s].[CreatedAt]
      FROM [dbo].[service_requests] AS [s]
      INNER JOIN [dbo].[clients] AS [c] ON [s].[ClientId] = [c].[ClientId]
      INNER JOIN [dbo].[request_statuses] AS [r] ON [s].[CurrentStatusId] = [r].[StatusId]
      INNER JOIN [dbo].[users] AS [u] ON [c].[UserId] = [u].[UserId]
      LEFT JOIN [dbo].[mechanics] AS [m] ON [s].[MechanicId] = [m].[MechanicId]
      LEFT JOIN [dbo].[users] AS [u0] ON [m].[UserId] = [u0].[UserId]
      LEFT JOIN [dbo].[shops] AS [s0] ON [s].[ShopId] = [s0].[ShopId]
      LEFT JOIN [dbo].[shop_services] AS [s1] ON [s].[ShopServiceId] = [s1].[ShopServiceId]
      WHERE [c].[UserId] = @userId
      ORDER BY [s].[CreatedAt] DESC
warn: Microsoft.EntityFrameworkCore.Query[20504]
      Compiling a query which loads related collections for more than one collection navigation, either via 'Include' or through projection, but no 'QuerySplittingBehavior' has been configured. By default, Entity Framework will use 'QuerySplittingBehavior.SingleQuery', which can potentially result in slow query performance. See https://go.microsoft.com/fwlink/?linkid=2134277 for more information. To identify the query that's triggering this warning call 'ConfigureWarnings(w => w.Throw(RelationalEventId.MultipleCollectionIncludeWarning))'.
info: Microsoft.EntityFrameworkCore.Database.Command[20101]
      Executed DbCommand (8ms) [Parameters=[@userId='?' (DbType = Int32)], CommandType='Text', CommandTimeout='30']
      SELECT [s].[ClientId], [s].[CreatedAt], [s].[UserId], [s].[UserId0], [s].[AccountStatus], [s].[CreatedAt0], [s].[Email], [s].[EmailVerified], [s].[FirstName], [s].[LastName], [s].[PasswordHash], [s].[PhoneNumber], [s].[PhoneVerified], [s].[ProfileImageUrl], [s].[UpdatedAt], [c0].[AddressId], [c0].[AddressLine], [c0].[City], [c0].[ClientId], [c0].[CreatedAt], [c0].[IsDefault], [c0].[Label], [c0].[Latitude], [c0].[Longitude], [c0].[PostalCode], [c0].[Province], [m].[MotorcycleId], [m].[Brand], [m].[ClientId], [m].[Color], [m].[CreatedAt], [m].[EngineType], [m].[Model], [m].[MotorcycleImageUrl], [m].[PlateNumber], [m].[YearModel]
      FROM (
          SELECT TOP(2) [c].[ClientId], [c].[CreatedAt], [c].[UserId], [u].[UserId] AS [UserId0], [u].[AccountStatus], [u].[CreatedAt] AS [CreatedAt0], [u].[Email], [u].[EmailVerified], [u].[FirstName], [u].[LastName], [u].[PasswordHash], [u].[PhoneNumber], [u].[PhoneVerified], [u].[ProfileImageUrl], [u].[UpdatedAt]
          FROM [dbo].[clients] AS [c]
          INNER JOIN [dbo].[users] AS [u] ON [c].[UserId] = [u].[UserId]
          WHERE [c].[UserId] = @userId
      ) AS [s]
      LEFT JOIN [dbo].[client_addresses] AS [c0] ON [s].[ClientId] = [c0].[ClientId]
      LEFT JOIN [dbo].[motorcycles] AS [m] ON [s].[ClientId] = [m].[ClientId]
      ORDER BY [s].[ClientId], [s].[UserId0], [c0].[AddressId]
info: Microsoft.EntityFrameworkCore.Database.Command[20101]
      Executed DbCommand (9ms) [Parameters=[], CommandType='Text', CommandTimeout='30']
      SELECT [s].[ShopServiceId], [s].[ShopId], [s].[CategoryId], [s0].[CategoryName], [s].[ServiceName], [s].[ServiceDescription], [s].[BasePrice], [s].[EstimatedMinutes], [s].[IsActive]
      FROM [dbo].[shop_services] AS [s]
      INNER JOIN [dbo].[service_categories] AS [s0] ON [s].[CategoryId] = [s0].[CategoryId]
      WHERE [s].[IsActive] = CAST(1 AS bit)
      ORDER BY [s].[ServiceName]
info: Microsoft.EntityFrameworkCore.Database.Command[20101]
      Executed DbCommand (37ms) [Parameters=[@userId='?' (DbType = Int32)], CommandType='Text', CommandTimeout='30']
      SELECT [s].[ClientId], [s].[CreatedAt], [s].[UserId], [s].[UserId0], [s].[AccountStatus], [s].[CreatedAt0], [s].[Email], [s].[EmailVerified], [s].[FirstName], [s].[LastName], [s].[PasswordHash], [s].[PhoneNumber], [s].[PhoneVerified], [s].[ProfileImageUrl], [s].[UpdatedAt], [c0].[AddressId], [c0].[AddressLine], [c0].[City], [c0].[ClientId], [c0].[CreatedAt], [c0].[IsDefault], [c0].[Label], [c0].[Latitude], [c0].[Longitude], [c0].[PostalCode], [c0].[Province], [m].[MotorcycleId], [m].[Brand], [m].[ClientId], [m].[Color], [m].[CreatedAt], [m].[EngineType], [m].[Model], [m].[MotorcycleImageUrl], [m].[PlateNumber], [m].[YearModel]
      FROM (
          SELECT TOP(2) [c].[ClientId], [c].[CreatedAt], [c].[UserId], [u].[UserId] AS [UserId0], [u].[AccountStatus], [u].[CreatedAt] AS [CreatedAt0], [u].[Email], [u].[EmailVerified], [u].[FirstName], [u].[LastName], [u].[PasswordHash], [u].[PhoneNumber], [u].[PhoneVerified], [u].[ProfileImageUrl], [u].[UpdatedAt]
          FROM [dbo].[clients] AS [c]
          INNER JOIN [dbo].[users] AS [u] ON [c].[UserId] = [u].[UserId]
          WHERE [c].[UserId] = @userId
      ) AS [s]
      LEFT JOIN [dbo].[client_addresses] AS [c0] ON [s].[ClientId] = [c0].[ClientId]
      LEFT JOIN [dbo].[motorcycles] AS [m] ON [s].[ClientId] = [m].[ClientId]
      ORDER BY [s].[ClientId], [s].[UserId0], [c0].[AddressId]
info: Microsoft.EntityFrameworkCore.Database.Command[20101]
      Executed DbCommand (2ms) [Parameters=[@userId='?' (DbType = Int32)], CommandType='Text', CommandTimeout='30']
      SELECT [s].[RequestId], [r].[StatusName], [u].[FirstName] + N' ' + [u].[LastName], CASE
          WHEN [m].[MechanicId] IS NULL THEN NULL
          ELSE COALESCE([u0].[FirstName], N'') + N' ' + COALESCE([u0].[LastName], N'')
      END, [s0].[ShopName], [s1].[ServiceName], [s].[IssueDescription], [s].[ServiceLocationAddress], [s].[ScheduledAt], [s].[EstimatedTotal], [s].[FinalTotal], [s].[CreatedAt]
      FROM [dbo].[service_requests] AS [s]
      INNER JOIN [dbo].[clients] AS [c] ON [s].[ClientId] = [c].[ClientId]
      INNER JOIN [dbo].[request_statuses] AS [r] ON [s].[CurrentStatusId] = [r].[StatusId]
      INNER JOIN [dbo].[users] AS [u] ON [c].[UserId] = [u].[UserId]
      LEFT JOIN [dbo].[mechanics] AS [m] ON [s].[MechanicId] = [m].[MechanicId]
      LEFT JOIN [dbo].[users] AS [u0] ON [m].[UserId] = [u0].[UserId]
      LEFT JOIN [dbo].[shops] AS [s0] ON [s].[ShopId] = [s0].[ShopId]
      LEFT JOIN [dbo].[shop_services] AS [s1] ON [s].[ShopServiceId] = [s1].[ShopServiceId]
      WHERE [c].[UserId] = @userId
      ORDER BY [s].[CreatedAt] DESC
info: Microsoft.EntityFrameworkCore.Database.Command[20101]
      Executed DbCommand (25ms) [Parameters=[@userId='?' (DbType = Int32)], CommandType='Text', CommandTimeout='30']
      SELECT [s].[RequestId], [r].[StatusName], [u].[FirstName] + N' ' + [u].[LastName], CASE
          WHEN [m].[MechanicId] IS NULL THEN NULL
          ELSE COALESCE([u0].[FirstName], N'') + N' ' + COALESCE([u0].[LastName], N'')
      END, [s0].[ShopName], [s1].[ServiceName], [s].[IssueDescription], [s].[ServiceLocationAddress], [s].[ScheduledAt], [s].[EstimatedTotal], [s].[FinalTotal], [s].[CreatedAt]
      FROM [dbo].[service_requests] AS [s]
      INNER JOIN [dbo].[clients] AS [c] ON [s].[ClientId] = [c].[ClientId]
      INNER JOIN [dbo].[request_statuses] AS [r] ON [s].[CurrentStatusId] = [r].[StatusId]
      INNER JOIN [dbo].[users] AS [u] ON [c].[UserId] = [u].[UserId]
      LEFT JOIN [dbo].[mechanics] AS [m] ON [s].[MechanicId] = [m].[MechanicId]
      LEFT JOIN [dbo].[users] AS [u0] ON [m].[UserId] = [u0].[UserId]
      LEFT JOIN [dbo].[shops] AS [s0] ON [s].[ShopId] = [s0].[ShopId]
      LEFT JOIN [dbo].[shop_services] AS [s1] ON [s].[ShopServiceId] = [s1].[ShopServiceId]
      WHERE [c].[UserId] = @userId
      ORDER BY [s].[CreatedAt] DESC
info: Microsoft.EntityFrameworkCore.Database.Command[20101]
      Executed DbCommand (11ms) [Parameters=[@userId='?' (DbType = Int32)], CommandType='Text', CommandTimeout='30']
      SELECT [p].[PaymentId], [p].[Amount], [p].[CheckoutUrl], [p].[ClientId], [p].[CreatedAt], [p].[Currency], [p].[PaidAt], [p].[PaymentMethodId], [p].[PaymentStatusId], [p].[ProviderCheckoutSessionId], [p].[ProviderName], [p].[ProviderPaymentId], [p].[ProviderReferenceNumber], [p].[RequestId], [p].[UpdatedAt], [p0].[PaymentStatusId], [p0].[StatusName], [c].[ClientId], [c].[CreatedAt], [c].[UserId]
      FROM [dbo].[payments] AS [p]
      INNER JOIN [dbo].[clients] AS [c] ON [p].[ClientId] = [c].[ClientId]
      INNER JOIN [dbo].[payment_statuses] AS [p0] ON [p].[PaymentStatusId] = [p0].[PaymentStatusId]
      WHERE [c].[UserId] = @userId
      ORDER BY [p].[CreatedAt] DESC
info: Microsoft.EntityFrameworkCore.Database.Command[20101]
      Executed DbCommand (20ms) [Parameters=[@userId='?' (DbType = Int32)], CommandType='Text', CommandTimeout='30']
      SELECT [s].[RequestId], [r].[StatusName], [u].[FirstName] + N' ' + [u].[LastName], CASE
          WHEN [m].[MechanicId] IS NULL THEN NULL
          ELSE COALESCE([u0].[FirstName], N'') + N' ' + COALESCE([u0].[LastName], N'')
      END, [s0].[ShopName], [s1].[ServiceName], [s].[IssueDescription], [s].[ServiceLocationAddress], [s].[ScheduledAt], [s].[EstimatedTotal], [s].[FinalTotal], [s].[CreatedAt]
      FROM [dbo].[service_requests] AS [s]
      INNER JOIN [dbo].[clients] AS [c] ON [s].[ClientId] = [c].[ClientId]
      INNER JOIN [dbo].[request_statuses] AS [r] ON [s].[CurrentStatusId] = [r].[StatusId]
      INNER JOIN [dbo].[users] AS [u] ON [c].[UserId] = [u].[UserId]
      LEFT JOIN [dbo].[mechanics] AS [m] ON [s].[MechanicId] = [m].[MechanicId]
      LEFT JOIN [dbo].[users] AS [u0] ON [m].[UserId] = [u0].[UserId]
      LEFT JOIN [dbo].[shops] AS [s0] ON [s].[ShopId] = [s0].[ShopId]
      LEFT JOIN [dbo].[shop_services] AS [s1] ON [s].[ShopServiceId] = [s1].[ShopServiceId]
      WHERE [c].[UserId] = @userId
      ORDER BY [s].[CreatedAt] DESC
info: Microsoft.EntityFrameworkCore.Database.Command[20101]
      Executed DbCommand (6ms) [Parameters=[@userId='?' (DbType = Int32)], CommandType='Text', CommandTimeout='30']
      SELECT [p].[PaymentId], [p].[Amount], [p].[CheckoutUrl], [p].[ClientId], [p].[CreatedAt], [p].[Currency], [p].[PaidAt], [p].[PaymentMethodId], [p].[PaymentStatusId], [p].[ProviderCheckoutSessionId], [p].[ProviderName], [p].[ProviderPaymentId], [p].[ProviderReferenceNumber], [p].[RequestId], [p].[UpdatedAt], [p0].[PaymentStatusId], [p0].[StatusName], [c].[ClientId], [c].[CreatedAt], [c].[UserId]
      FROM [dbo].[payments] AS [p]
      INNER JOIN [dbo].[clients] AS [c] ON [p].[ClientId] = [c].[ClientId]
      INNER JOIN [dbo].[payment_statuses] AS [p0] ON [p].[PaymentStatusId] = [p0].[PaymentStatusId]
      WHERE [c].[UserId] = @userId
      ORDER BY [p].[CreatedAt] DESC
info: Microsoft.EntityFrameworkCore.Database.Command[20101]
      Executed DbCommand (9ms) [Parameters=[@id='?' (DbType = Int32)], CommandType='Text', CommandTimeout='30']
      SELECT TOP(2) [s].[RequestId], [r].[StatusName], [u].[FirstName] + N' ' + [u].[LastName], CASE
          WHEN [m].[MechanicId] IS NULL THEN NULL
          ELSE COALESCE([u0].[FirstName], N'') + N' ' + COALESCE([u0].[LastName], N'')
      END, [s0].[ShopName], [s1].[ServiceName], [s].[IssueDescription], [s].[ServiceLocationAddress], [s].[ScheduledAt], [s].[EstimatedTotal], [s].[FinalTotal], [s].[CreatedAt]
      FROM [dbo].[service_requests] AS [s]
      INNER JOIN [dbo].[request_statuses] AS [r] ON [s].[CurrentStatusId] = [r].[StatusId]
      INNER JOIN [dbo].[clients] AS [c] ON [s].[ClientId] = [c].[ClientId]
      INNER JOIN [dbo].[users] AS [u] ON [c].[UserId] = [u].[UserId]
      LEFT JOIN [dbo].[mechanics] AS [m] ON [s].[MechanicId] = [m].[MechanicId]
      LEFT JOIN [dbo].[users] AS [u0] ON [m].[UserId] = [u0].[UserId]
      LEFT JOIN [dbo].[shops] AS [s0] ON [s].[ShopId] = [s0].[ShopId]
      LEFT JOIN [dbo].[shop_services] AS [s1] ON [s].[ShopServiceId] = [s1].[ShopServiceId]
      WHERE [s].[RequestId] = @id
info: Microsoft.EntityFrameworkCore.Database.Command[20101]
      Executed DbCommand (18ms) [Parameters=[@normalizedEmail='?' (Size = 255)], CommandType='Text', CommandTimeout='30']
      SELECT [u1].[UserId], [u1].[AccountStatus], [u1].[CreatedAt], [u1].[Email], [u1].[EmailVerified], [u1].[FirstName], [u1].[LastName], [u1].[PasswordHash], [u1].[PhoneNumber], [u1].[PhoneVerified], [u1].[ProfileImageUrl], [u1].[UpdatedAt], [s].[UserId], [s].[RoleId], [s].[AssignedAt], [s].[RoleId0], [s].[RoleName]
      FROM (
          SELECT TOP(2) [u].[UserId], [u].[AccountStatus], [u].[CreatedAt], [u].[Email], [u].[EmailVerified], [u].[FirstName], [u].[LastName], [u].[PasswordHash], [u].[PhoneNumber], [u].[PhoneVerified], [u].[ProfileImageUrl], [u].[UpdatedAt]
          FROM [dbo].[users] AS [u]
          WHERE [u].[Email] = @normalizedEmail
      ) AS [u1]
      LEFT JOIN (
          SELECT [u0].[UserId], [u0].[RoleId], [u0].[AssignedAt], [r].[RoleId] AS [RoleId0], [r].[RoleName]
          FROM [dbo].[user_roles] AS [u0]
          INNER JOIN [dbo].[roles] AS [r] ON [u0].[RoleId] = [r].[RoleId]
      ) AS [s] ON [u1].[UserId] = [s].[UserId]
      ORDER BY [u1].[UserId], [s].[UserId], [s].[RoleId]
info: Microsoft.EntityFrameworkCore.Database.Command[20101]
      Executed DbCommand (13ms) [Parameters=[@userId='?' (DbType = Int32)], CommandType='Text', CommandTimeout='30']
      SELECT [s].[ClientId], [s].[CreatedAt], [s].[UserId], [s].[UserId0], [s].[AccountStatus], [s].[CreatedAt0], [s].[Email], [s].[EmailVerified], [s].[FirstName], [s].[LastName], [s].[PasswordHash], [s].[PhoneNumber], [s].[PhoneVerified], [s].[ProfileImageUrl], [s].[UpdatedAt], [c0].[AddressId], [c0].[AddressLine], [c0].[City], [c0].[ClientId], [c0].[CreatedAt], [c0].[IsDefault], [c0].[Label], [c0].[Latitude], [c0].[Longitude], [c0].[PostalCode], [c0].[Province], [m].[MotorcycleId], [m].[Brand], [m].[ClientId], [m].[Color], [m].[CreatedAt], [m].[EngineType], [m].[Model], [m].[MotorcycleImageUrl], [m].[PlateNumber], [m].[YearModel]
      FROM (
          SELECT TOP(2) [c].[ClientId], [c].[CreatedAt], [c].[UserId], [u].[UserId] AS [UserId0], [u].[AccountStatus], [u].[CreatedAt] AS [CreatedAt0], [u].[Email], [u].[EmailVerified], [u].[FirstName], [u].[LastName], [u].[PasswordHash], [u].[PhoneNumber], [u].[PhoneVerified], [u].[ProfileImageUrl], [u].[UpdatedAt]
          FROM [dbo].[clients] AS [c]
          INNER JOIN [dbo].[users] AS [u] ON [c].[UserId] = [u].[UserId]
          WHERE [c].[UserId] = @userId
      ) AS [s]
      LEFT JOIN [dbo].[client_addresses] AS [c0] ON [s].[ClientId] = [c0].[ClientId]
      LEFT JOIN [dbo].[motorcycles] AS [m] ON [s].[ClientId] = [m].[ClientId]
      ORDER BY [s].[ClientId], [s].[UserId0], [c0].[AddressId]
info: Microsoft.EntityFrameworkCore.Database.Command[20101]
      Executed DbCommand (14ms) [Parameters=[@userId='?' (DbType = Int32)], CommandType='Text', CommandTimeout='30']
      SELECT [s].[RequestId], [r].[StatusName], [u].[FirstName] + N' ' + [u].[LastName], CASE
          WHEN [m].[MechanicId] IS NULL THEN NULL
          ELSE COALESCE([u0].[FirstName], N'') + N' ' + COALESCE([u0].[LastName], N'')
      END, [s0].[ShopName], [s1].[ServiceName], [s].[IssueDescription], [s].[ServiceLocationAddress], [s].[ScheduledAt], [s].[EstimatedTotal], [s].[FinalTotal], [s].[CreatedAt]
      FROM [dbo].[service_requests] AS [s]
      INNER JOIN [dbo].[clients] AS [c] ON [s].[ClientId] = [c].[ClientId]
      INNER JOIN [dbo].[request_statuses] AS [r] ON [s].[CurrentStatusId] = [r].[StatusId]
      INNER JOIN [dbo].[users] AS [u] ON [c].[UserId] = [u].[UserId]
      LEFT JOIN [dbo].[mechanics] AS [m] ON [s].[MechanicId] = [m].[MechanicId]
      LEFT JOIN [dbo].[users] AS [u0] ON [m].[UserId] = [u0].[UserId]
      LEFT JOIN [dbo].[shops] AS [s0] ON [s].[ShopId] = [s0].[ShopId]
      LEFT JOIN [dbo].[shop_services] AS [s1] ON [s].[ShopServiceId] = [s1].[ShopServiceId]
      WHERE [c].[UserId] = @userId
      ORDER BY [s].[CreatedAt] DESC
info: Microsoft.EntityFrameworkCore.Database.Command[20101]
      Executed DbCommand (1ms) [Parameters=[@userId='?' (DbType = Int32)], CommandType='Text', CommandTimeout='30']
      SELECT [s].[ClientId], [s].[CreatedAt], [s].[UserId], [s].[UserId0], [s].[AccountStatus], [s].[CreatedAt0], [s].[Email], [s].[EmailVerified], [s].[FirstName], [s].[LastName], [s].[PasswordHash], [s].[PhoneNumber], [s].[PhoneVerified], [s].[ProfileImageUrl], [s].[UpdatedAt], [c0].[AddressId], [c0].[AddressLine], [c0].[City], [c0].[ClientId], [c0].[CreatedAt], [c0].[IsDefault], [c0].[Label], [c0].[Latitude], [c0].[Longitude], [c0].[PostalCode], [c0].[Province], [m].[MotorcycleId], [m].[Brand], [m].[ClientId], [m].[Color], [m].[CreatedAt], [m].[EngineType], [m].[Model], [m].[MotorcycleImageUrl], [m].[PlateNumber], [m].[YearModel]
      FROM (
          SELECT TOP(2) [c].[ClientId], [c].[CreatedAt], [c].[UserId], [u].[UserId] AS [UserId0], [u].[AccountStatus], [u].[CreatedAt] AS [CreatedAt0], [u].[Email], [u].[EmailVerified], [u].[FirstName], [u].[LastName], [u].[PasswordHash], [u].[PhoneNumber], [u].[PhoneVerified], [u].[ProfileImageUrl], [u].[UpdatedAt]
          FROM [dbo].[clients] AS [c]
          INNER JOIN [dbo].[users] AS [u] ON [c].[UserId] = [u].[UserId]
          WHERE [c].[UserId] = @userId
      ) AS [s]
      LEFT JOIN [dbo].[client_addresses] AS [c0] ON [s].[ClientId] = [c0].[ClientId]
      LEFT JOIN [dbo].[motorcycles] AS [m] ON [s].[ClientId] = [m].[ClientId]
      ORDER BY [s].[ClientId], [s].[UserId0], [c0].[AddressId]
info: Microsoft.EntityFrameworkCore.Database.Command[20101]
      Executed DbCommand (4ms) [Parameters=[], CommandType='Text', CommandTimeout='30']
      SELECT [s].[ShopServiceId], [s].[ShopId], [s].[CategoryId], [s0].[CategoryName], [s].[ServiceName], [s].[ServiceDescription], [s].[BasePrice], [s].[EstimatedMinutes], [s].[IsActive]
      FROM [dbo].[shop_services] AS [s]
      INNER JOIN [dbo].[service_categories] AS [s0] ON [s].[CategoryId] = [s0].[CategoryId]
      WHERE [s].[IsActive] = CAST(1 AS bit)
      ORDER BY [s].[ServiceName]
info: Microsoft.EntityFrameworkCore.Database.Command[20101]
      Executed DbCommand (1ms) [Parameters=[@userId='?' (DbType = Int32)], CommandType='Text', CommandTimeout='30']
      SELECT TOP(2) [c].[ClientId], [c].[CreatedAt], [c].[UserId]
      FROM [dbo].[clients] AS [c]
      WHERE [c].[UserId] = @userId
info: Microsoft.EntityFrameworkCore.Database.Command[20101]
      Executed DbCommand (2ms) [Parameters=[], CommandType='Text', CommandTimeout='30']
      SELECT TOP(2) [r].[StatusId]
      FROM [dbo].[request_statuses] AS [r]
      WHERE [r].[StatusName] = N'pending'
info: Microsoft.EntityFrameworkCore.Database.Command[20101]
      Executed DbCommand (1ms) [Parameters=[@dto_ShopServiceId='?' (DbType = Int32)], CommandType='Text', CommandTimeout='30']
      SELECT TOP(1) [s].[BasePrice]
      FROM [dbo].[shop_services] AS [s]
      WHERE [s].[ShopServiceId] = @dto_ShopServiceId
info: Microsoft.EntityFrameworkCore.Database.Command[20101]
      Executed DbCommand (31ms) [Parameters=[@p0='?' (DbType = DateTime2), @p1='?' (DbType = DateTime2), @p2='?' (DbType = Int32), @p3='?' (DbType = DateTime2), @p4='?' (DbType = DateTime2), @p5='?' (DbType = Int32), @p6='?' (Precision = 10) (Scale = 2) (DbType = Decimal), @p7='?' (Precision = 10) (Scale = 2) (DbType = Decimal), @p8='?' (Size = 4000), @p9='?' (DbType = Int32), @p10='?' (DbType = Int32), @p11='?' (DbType = DateTime2), @p12='?' (Precision = 10) (Scale = 8) (DbType = Decimal), @p13='?' (Size = 500), @p14='?' (Precision = 11) (Scale = 8) (DbType = Decimal), @p15='?' (DbType = Int32), @p16='?' (DbType = Int32)], CommandType='Text', CommandTimeout='30']
      SET NOCOUNT ON;
      INSERT INTO [dbo].[service_requests] ([AcceptedAt], [CancelledAt], [ClientId], [CompletedAt], [CreatedAt], [CurrentStatusId], [EstimatedTotal], [FinalTotal], [IssueDescription], [MechanicId], [MotorcycleId], [ScheduledAt], [ServiceLatitude], [ServiceLocationAddress], [ServiceLongitude], [ShopId], [ShopServiceId])
      VALUES (@p0, @p1, @p2, @p3, @p4, @p5, @p6, @p7, @p8, @p9, @p10, @p11, @p12, @p13, @p14, @p15, @p16);
      SELECT [RequestId]
      FROM [dbo].[service_requests]
      WHERE @@ROWCOUNT = 1 AND [RequestId] = scope_identity();
info: Microsoft.EntityFrameworkCore.Database.Command[20101]
      Executed DbCommand (10ms) [Parameters=[@request_RequestId='?' (DbType = Int32)], CommandType='Text', CommandTimeout='30']
      SELECT TOP(2) [s].[RequestId], [r].[StatusName], [u].[FirstName] + N' ' + [u].[LastName], CASE
          WHEN [m].[MechanicId] IS NULL THEN NULL
          ELSE COALESCE([u0].[FirstName], N'') + N' ' + COALESCE([u0].[LastName], N'')
      END, [s0].[ShopName], [s1].[ServiceName], [s].[IssueDescription], [s].[ServiceLocationAddress], [s].[ScheduledAt], [s].[EstimatedTotal], [s].[FinalTotal], [s].[CreatedAt]
      FROM [dbo].[service_requests] AS [s]
      INNER JOIN [dbo].[request_statuses] AS [r] ON [s].[CurrentStatusId] = [r].[StatusId]
      INNER JOIN [dbo].[clients] AS [c] ON [s].[ClientId] = [c].[ClientId]
      INNER JOIN [dbo].[users] AS [u] ON [c].[UserId] = [u].[UserId]
      LEFT JOIN [dbo].[mechanics] AS [m] ON [s].[MechanicId] = [m].[MechanicId]
      LEFT JOIN [dbo].[users] AS [u0] ON [m].[UserId] = [u0].[UserId]
      LEFT JOIN [dbo].[shops] AS [s0] ON [s].[ShopId] = [s0].[ShopId]
      LEFT JOIN [dbo].[shop_services] AS [s1] ON [s].[ShopServiceId] = [s1].[ShopServiceId]
      WHERE [s].[RequestId] = @request_RequestId
info: Microsoft.EntityFrameworkCore.Database.Command[20101]
      Executed DbCommand (11ms) [Parameters=[@id='?' (DbType = Int32)], CommandType='Text', CommandTimeout='30']
      SELECT TOP(2) [s].[RequestId], [r].[StatusName], [u].[FirstName] + N' ' + [u].[LastName], CASE
          WHEN [m].[MechanicId] IS NULL THEN NULL
          ELSE COALESCE([u0].[FirstName], N'') + N' ' + COALESCE([u0].[LastName], N'')
      END, [s0].[ShopName], [s1].[ServiceName], [s].[IssueDescription], [s].[ServiceLocationAddress], [s].[ScheduledAt], [s].[EstimatedTotal], [s].[FinalTotal], [s].[CreatedAt]
      FROM [dbo].[service_requests] AS [s]
      INNER JOIN [dbo].[request_statuses] AS [r] ON [s].[CurrentStatusId] = [r].[StatusId]
      INNER JOIN [dbo].[clients] AS [c] ON [s].[ClientId] = [c].[ClientId]
      INNER JOIN [dbo].[users] AS [u] ON [c].[UserId] = [u].[UserId]
      LEFT JOIN [dbo].[mechanics] AS [m] ON [s].[MechanicId] = [m].[MechanicId]
      LEFT JOIN [dbo].[users] AS [u0] ON [m].[UserId] = [u0].[UserId]
      LEFT JOIN [dbo].[shops] AS [s0] ON [s].[ShopId] = [s0].[ShopId]
      LEFT JOIN [dbo].[shop_services] AS [s1] ON [s].[ShopServiceId] = [s1].[ShopServiceId]
      WHERE [s].[RequestId] = @id
info: Microsoft.EntityFrameworkCore.Database.Command[20101]
      Executed DbCommand (15ms) [Parameters=[@id='?' (DbType = Int32)], CommandType='Text', CommandTimeout='30']
      SELECT TOP(2) [s].[RequestId], [r].[StatusName], [u].[FirstName] + N' ' + [u].[LastName], CASE
          WHEN [m].[MechanicId] IS NULL THEN NULL
          ELSE COALESCE([u0].[FirstName], N'') + N' ' + COALESCE([u0].[LastName], N'')
      END, [s0].[ShopName], [s1].[ServiceName], [s].[IssueDescription], [s].[ServiceLocationAddress], [s].[ScheduledAt], [s].[EstimatedTotal], [s].[FinalTotal], [s].[CreatedAt]
      FROM [dbo].[service_requests] AS [s]
      INNER JOIN [dbo].[request_statuses] AS [r] ON [s].[CurrentStatusId] = [r].[StatusId]
      INNER JOIN [dbo].[clients] AS [c] ON [s].[ClientId] = [c].[ClientId]
      INNER JOIN [dbo].[users] AS [u] ON [c].[UserId] = [u].[UserId]
      LEFT JOIN [dbo].[mechanics] AS [m] ON [s].[MechanicId] = [m].[MechanicId]
      LEFT JOIN [dbo].[users] AS [u0] ON [m].[UserId] = [u0].[UserId]
      LEFT JOIN [dbo].[shops] AS [s0] ON [s].[ShopId] = [s0].[ShopId]
      LEFT JOIN [dbo].[shop_services] AS [s1] ON [s].[ShopServiceId] = [s1].[ShopServiceId]
      WHERE [s].[RequestId] = @id
info: Microsoft.EntityFrameworkCore.Database.Command[20101]
      Executed DbCommand (11ms) [Parameters=[@id='?' (DbType = Int32)], CommandType='Text', CommandTimeout='30']
      SELECT TOP(2) [s].[RequestId], [r].[StatusName], [u].[FirstName] + N' ' + [u].[LastName], CASE
          WHEN [m].[MechanicId] IS NULL THEN NULL
          ELSE COALESCE([u0].[FirstName], N'') + N' ' + COALESCE([u0].[LastName], N'')
      END, [s0].[ShopName], [s1].[ServiceName], [s].[IssueDescription], [s].[ServiceLocationAddress], [s].[ScheduledAt], [s].[EstimatedTotal], [s].[FinalTotal], [s].[CreatedAt]
      FROM [dbo].[service_requests] AS [s]
      INNER JOIN [dbo].[request_statuses] AS [r] ON [s].[CurrentStatusId] = [r].[StatusId]
      INNER JOIN [dbo].[clients] AS [c] ON [s].[ClientId] = [c].[ClientId]
      INNER JOIN [dbo].[users] AS [u] ON [c].[UserId] = [u].[UserId]
      LEFT JOIN [dbo].[mechanics] AS [m] ON [s].[MechanicId] = [m].[MechanicId]
      LEFT JOIN [dbo].[users] AS [u0] ON [m].[UserId] = [u0].[UserId]
      LEFT JOIN [dbo].[shops] AS [s0] ON [s].[ShopId] = [s0].[ShopId]
      LEFT JOIN [dbo].[shop_services] AS [s1] ON [s].[ShopServiceId] = [s1].[ShopServiceId]
      WHERE [s].[RequestId] = @id
info: Microsoft.EntityFrameworkCore.Database.Command[20101]
      Executed DbCommand (6ms) [Parameters=[@userId='?' (DbType = Int32)], CommandType='Text', CommandTimeout='30']
      SELECT [s].[ClientId], [s].[CreatedAt], [s].[UserId], [s].[UserId0], [s].[AccountStatus], [s].[CreatedAt0], [s].[Email], [s].[EmailVerified], [s].[FirstName], [s].[LastName], [s].[PasswordHash], [s].[PhoneNumber], [s].[PhoneVerified], [s].[ProfileImageUrl], [s].[UpdatedAt], [c0].[AddressId], [c0].[AddressLine], [c0].[City], [c0].[ClientId], [c0].[CreatedAt], [c0].[IsDefault], [c0].[Label], [c0].[Latitude], [c0].[Longitude], [c0].[PostalCode], [c0].[Province], [m].[MotorcycleId], [m].[Brand], [m].[ClientId], [m].[Color], [m].[CreatedAt], [m].[EngineType], [m].[Model], [m].[MotorcycleImageUrl], [m].[PlateNumber], [m].[YearModel]
      FROM (
          SELECT TOP(2) [c].[ClientId], [c].[CreatedAt], [c].[UserId], [u].[UserId] AS [UserId0], [u].[AccountStatus], [u].[CreatedAt] AS [CreatedAt0], [u].[Email], [u].[EmailVerified], [u].[FirstName], [u].[LastName], [u].[PasswordHash], [u].[PhoneNumber], [u].[PhoneVerified], [u].[ProfileImageUrl], [u].[UpdatedAt]
          FROM [dbo].[clients] AS [c]
          INNER JOIN [dbo].[users] AS [u] ON [c].[UserId] = [u].[UserId]
          WHERE [c].[UserId] = @userId
      ) AS [s]
      LEFT JOIN [dbo].[client_addresses] AS [c0] ON [s].[ClientId] = [c0].[ClientId]
      LEFT JOIN [dbo].[motorcycles] AS [m] ON [s].[ClientId] = [m].[ClientId]
      ORDER BY [s].[ClientId], [s].[UserId0], [c0].[AddressId]
info: Microsoft.EntityFrameworkCore.Database.Command[20101]
      Executed DbCommand (3ms) [Parameters=[], CommandType='Text', CommandTimeout='30']
      SELECT [s].[ShopServiceId], [s].[ShopId], [s].[CategoryId], [s0].[CategoryName], [s].[ServiceName], [s].[ServiceDescription], [s].[BasePrice], [s].[EstimatedMinutes], [s].[IsActive]
      FROM [dbo].[shop_services] AS [s]
      INNER JOIN [dbo].[service_categories] AS [s0] ON [s].[CategoryId] = [s0].[CategoryId]
      WHERE [s].[IsActive] = CAST(1 AS bit)
      ORDER BY [s].[ServiceName]
info: Microsoft.EntityFrameworkCore.Database.Command[20101]
      Executed DbCommand (0ms) [Parameters=[@userId='?' (DbType = Int32)], CommandType='Text', CommandTimeout='30']
      SELECT [s].[ClientId], [s].[CreatedAt], [s].[UserId], [s].[UserId0], [s].[AccountStatus], [s].[CreatedAt0], [s].[Email], [s].[EmailVerified], [s].[FirstName], [s].[LastName], [s].[PasswordHash], [s].[PhoneNumber], [s].[PhoneVerified], [s].[ProfileImageUrl], [s].[UpdatedAt], [c0].[AddressId], [c0].[AddressLine], [c0].[City], [c0].[ClientId], [c0].[CreatedAt], [c0].[IsDefault], [c0].[Label], [c0].[Latitude], [c0].[Longitude], [c0].[PostalCode], [c0].[Province], [m].[MotorcycleId], [m].[Brand], [m].[ClientId], [m].[Color], [m].[CreatedAt], [m].[EngineType], [m].[Model], [m].[MotorcycleImageUrl], [m].[PlateNumber], [m].[YearModel]
      FROM (
          SELECT TOP(2) [c].[ClientId], [c].[CreatedAt], [c].[UserId], [u].[UserId] AS [UserId0], [u].[AccountStatus], [u].[CreatedAt] AS [CreatedAt0], [u].[Email], [u].[EmailVerified], [u].[FirstName], [u].[LastName], [u].[PasswordHash], [u].[PhoneNumber], [u].[PhoneVerified], [u].[ProfileImageUrl], [u].[UpdatedAt]
          FROM [dbo].[clients] AS [c]
          INNER JOIN [dbo].[users] AS [u] ON [c].[UserId] = [u].[UserId]
          WHERE [c].[UserId] = @userId
      ) AS [s]
      LEFT JOIN [dbo].[client_addresses] AS [c0] ON [s].[ClientId] = [c0].[ClientId]
      LEFT JOIN [dbo].[motorcycles] AS [m] ON [s].[ClientId] = [m].[ClientId]
      ORDER BY [s].[ClientId], [s].[UserId0], [c0].[AddressId]
info: Microsoft.EntityFrameworkCore.Database.Command[20101]
      Executed DbCommand (9ms) [Parameters=[@userId='?' (DbType = Int32)], CommandType='Text', CommandTimeout='30']
      SELECT [s].[RequestId], [r].[StatusName], [u].[FirstName] + N' ' + [u].[LastName], CASE
          WHEN [m].[MechanicId] IS NULL THEN NULL
          ELSE COALESCE([u0].[FirstName], N'') + N' ' + COALESCE([u0].[LastName], N'')
      END, [s0].[ShopName], [s1].[ServiceName], [s].[IssueDescription], [s].[ServiceLocationAddress], [s].[ScheduledAt], [s].[EstimatedTotal], [s].[FinalTotal], [s].[CreatedAt]
      FROM [dbo].[service_requests] AS [s]
      INNER JOIN [dbo].[clients] AS [c] ON [s].[ClientId] = [c].[ClientId]
      INNER JOIN [dbo].[request_statuses] AS [r] ON [s].[CurrentStatusId] = [r].[StatusId]
      INNER JOIN [dbo].[users] AS [u] ON [c].[UserId] = [u].[UserId]
      LEFT JOIN [dbo].[mechanics] AS [m] ON [s].[MechanicId] = [m].[MechanicId]
      LEFT JOIN [dbo].[users] AS [u0] ON [m].[UserId] = [u0].[UserId]
      LEFT JOIN [dbo].[shops] AS [s0] ON [s].[ShopId] = [s0].[ShopId]
      LEFT JOIN [dbo].[shop_services] AS [s1] ON [s].[ShopServiceId] = [s1].[ShopServiceId]
      WHERE [c].[UserId] = @userId
      ORDER BY [s].[CreatedAt] DESC
info: Microsoft.EntityFrameworkCore.Database.Command[20101]
      Executed DbCommand (1ms) [Parameters=[@userId='?' (DbType = Int32)], CommandType='Text', CommandTimeout='30']
      SELECT [s].[ClientId], [s].[CreatedAt], [s].[UserId], [s].[UserId0], [s].[AccountStatus], [s].[CreatedAt0], [s].[Email], [s].[EmailVerified], [s].[FirstName], [s].[LastName], [s].[PasswordHash], [s].[PhoneNumber], [s].[PhoneVerified], [s].[ProfileImageUrl], [s].[UpdatedAt], [c0].[AddressId], [c0].[AddressLine], [c0].[City], [c0].[ClientId], [c0].[CreatedAt], [c0].[IsDefault], [c0].[Label], [c0].[Latitude], [c0].[Longitude], [c0].[PostalCode], [c0].[Province], [m].[MotorcycleId], [m].[Brand], [m].[ClientId], [m].[Color], [m].[CreatedAt], [m].[EngineType], [m].[Model], [m].[MotorcycleImageUrl], [m].[PlateNumber], [m].[YearModel]
      FROM (
          SELECT TOP(2) [c].[ClientId], [c].[CreatedAt], [c].[UserId], [u].[UserId] AS [UserId0], [u].[AccountStatus], [u].[CreatedAt] AS [CreatedAt0], [u].[Email], [u].[EmailVerified], [u].[FirstName], [u].[LastName], [u].[PasswordHash], [u].[PhoneNumber], [u].[PhoneVerified], [u].[ProfileImageUrl], [u].[UpdatedAt]
          FROM [dbo].[clients] AS [c]
          INNER JOIN [dbo].[users] AS [u] ON [c].[UserId] = [u].[UserId]
          WHERE [c].[UserId] = @userId
      ) AS [s]
      LEFT JOIN [dbo].[client_addresses] AS [c0] ON [s].[ClientId] = [c0].[ClientId]
      LEFT JOIN [dbo].[motorcycles] AS [m] ON [s].[ClientId] = [m].[ClientId]
      ORDER BY [s].[ClientId], [s].[UserId0], [c0].[AddressId]
info: Microsoft.EntityFrameworkCore.Database.Command[20101]
      Executed DbCommand (1ms) [Parameters=[@userId='?' (DbType = Int32)], CommandType='Text', CommandTimeout='30']
      SELECT [s].[ClientId], [s].[CreatedAt], [s].[UserId], [s].[UserId0], [s].[AccountStatus], [s].[CreatedAt0], [s].[Email], [s].[EmailVerified], [s].[FirstName], [s].[LastName], [s].[PasswordHash], [s].[PhoneNumber], [s].[PhoneVerified], [s].[ProfileImageUrl], [s].[UpdatedAt], [c0].[AddressId], [c0].[AddressLine], [c0].[City], [c0].[ClientId], [c0].[CreatedAt], [c0].[IsDefault], [c0].[Label], [c0].[Latitude], [c0].[Longitude], [c0].[PostalCode], [c0].[Province], [m].[MotorcycleId], [m].[Brand], [m].[ClientId], [m].[Color], [m].[CreatedAt], [m].[EngineType], [m].[Model], [m].[MotorcycleImageUrl], [m].[PlateNumber], [m].[YearModel]
      FROM (
          SELECT TOP(2) [c].[ClientId], [c].[CreatedAt], [c].[UserId], [u].[UserId] AS [UserId0], [u].[AccountStatus], [u].[CreatedAt] AS [CreatedAt0], [u].[Email], [u].[EmailVerified], [u].[FirstName], [u].[LastName], [u].[PasswordHash], [u].[PhoneNumber], [u].[PhoneVerified], [u].[ProfileImageUrl], [u].[UpdatedAt]
          FROM [dbo].[clients] AS [c]
          INNER JOIN [dbo].[users] AS [u] ON [c].[UserId] = [u].[UserId]
          WHERE [c].[UserId] = @userId
      ) AS [s]
      LEFT JOIN [dbo].[client_addresses] AS [c0] ON [s].[ClientId] = [c0].[ClientId]
      LEFT JOIN [dbo].[motorcycles] AS [m] ON [s].[ClientId] = [m].[ClientId]
      ORDER BY [s].[ClientId], [s].[UserId0], [c0].[AddressId]
info: Microsoft.EntityFrameworkCore.Database.Command[20101]
      Executed DbCommand (1ms) [Parameters=[@userId='?' (DbType = Int32)], CommandType='Text', CommandTimeout='30']
      SELECT [s].[RequestId], [r].[StatusName], [u].[FirstName] + N' ' + [u].[LastName], CASE
          WHEN [m].[MechanicId] IS NULL THEN NULL
          ELSE COALESCE([u0].[FirstName], N'') + N' ' + COALESCE([u0].[LastName], N'')
      END, [s0].[ShopName], [s1].[ServiceName], [s].[IssueDescription], [s].[ServiceLocationAddress], [s].[ScheduledAt], [s].[EstimatedTotal], [s].[FinalTotal], [s].[CreatedAt]
      FROM [dbo].[service_requests] AS [s]
      INNER JOIN [dbo].[clients] AS [c] ON [s].[ClientId] = [c].[ClientId]
      INNER JOIN [dbo].[request_statuses] AS [r] ON [s].[CurrentStatusId] = [r].[StatusId]
      INNER JOIN [dbo].[users] AS [u] ON [c].[UserId] = [u].[UserId]
      LEFT JOIN [dbo].[mechanics] AS [m] ON [s].[MechanicId] = [m].[MechanicId]
      LEFT JOIN [dbo].[users] AS [u0] ON [m].[UserId] = [u0].[UserId]
      LEFT JOIN [dbo].[shops] AS [s0] ON [s].[ShopId] = [s0].[ShopId]
      LEFT JOIN [dbo].[shop_services] AS [s1] ON [s].[ShopServiceId] = [s1].[ShopServiceId]
      WHERE [c].[UserId] = @userId
      ORDER BY [s].[CreatedAt] DESC
info: Microsoft.EntityFrameworkCore.Database.Command[20101]
      Executed DbCommand (0ms) [Parameters=[@id='?' (DbType = Int32)], CommandType='Text', CommandTimeout='30']
      SELECT TOP(2) [s].[RequestId], [r].[StatusName], [u].[FirstName] + N' ' + [u].[LastName], CASE
          WHEN [m].[MechanicId] IS NULL THEN NULL
          ELSE COALESCE([u0].[FirstName], N'') + N' ' + COALESCE([u0].[LastName], N'')
      END, [s0].[ShopName], [s1].[ServiceName], [s].[IssueDescription], [s].[ServiceLocationAddress], [s].[ScheduledAt], [s].[EstimatedTotal], [s].[FinalTotal], [s].[CreatedAt]
      FROM [dbo].[service_requests] AS [s]
      INNER JOIN [dbo].[request_statuses] AS [r] ON [s].[CurrentStatusId] = [r].[StatusId]
      INNER JOIN [dbo].[clients] AS [c] ON [s].[ClientId] = [c].[ClientId]
      INNER JOIN [dbo].[users] AS [u] ON [c].[UserId] = [u].[UserId]
      LEFT JOIN [dbo].[mechanics] AS [m] ON [s].[MechanicId] = [m].[MechanicId]
      LEFT JOIN [dbo].[users] AS [u0] ON [m].[UserId] = [u0].[UserId]
      LEFT JOIN [dbo].[shops] AS [s0] ON [s].[ShopId] = [s0].[ShopId]
      LEFT JOIN [dbo].[shop_services] AS [s1] ON [s].[ShopServiceId] = [s1].[ShopServiceId]
      WHERE [s].[RequestId] = @id
info: Microsoft.EntityFrameworkCore.Database.Command[20101]
      Executed DbCommand (1ms) [Parameters=[@userId='?' (DbType = Int32)], CommandType='Text', CommandTimeout='30']
      SELECT [s].[ClientId], [s].[CreatedAt], [s].[UserId], [s].[UserId0], [s].[AccountStatus], [s].[CreatedAt0], [s].[Email], [s].[EmailVerified], [s].[FirstName], [s].[LastName], [s].[PasswordHash], [s].[PhoneNumber], [s].[PhoneVerified], [s].[ProfileImageUrl], [s].[UpdatedAt], [c0].[AddressId], [c0].[AddressLine], [c0].[City], [c0].[ClientId], [c0].[CreatedAt], [c0].[IsDefault], [c0].[Label], [c0].[Latitude], [c0].[Longitude], [c0].[PostalCode], [c0].[Province], [m].[MotorcycleId], [m].[Brand], [m].[ClientId], [m].[Color], [m].[CreatedAt], [m].[EngineType], [m].[Model], [m].[MotorcycleImageUrl], [m].[PlateNumber], [m].[YearModel]
      FROM (
          SELECT TOP(2) [c].[ClientId], [c].[CreatedAt], [c].[UserId], [u].[UserId] AS [UserId0], [u].[AccountStatus], [u].[CreatedAt] AS [CreatedAt0], [u].[Email], [u].[EmailVerified], [u].[FirstName], [u].[LastName], [u].[PasswordHash], [u].[PhoneNumber], [u].[PhoneVerified], [u].[ProfileImageUrl], [u].[UpdatedAt]
          FROM [dbo].[clients] AS [c]
          INNER JOIN [dbo].[users] AS [u] ON [c].[UserId] = [u].[UserId]
          WHERE [c].[UserId] = @userId
      ) AS [s]
      LEFT JOIN [dbo].[client_addresses] AS [c0] ON [s].[ClientId] = [c0].[ClientId]
      LEFT JOIN [dbo].[motorcycles] AS [m] ON [s].[ClientId] = [m].[ClientId]
      ORDER BY [s].[ClientId], [s].[UserId0], [c0].[AddressId]
info: Microsoft.EntityFrameworkCore.Database.Command[20101]
      Executed DbCommand (1ms) [Parameters=[@userId='?' (DbType = Int32)], CommandType='Text', CommandTimeout='30']
      SELECT [s].[RequestId], [r].[StatusName], [u].[FirstName] + N' ' + [u].[LastName], CASE
          WHEN [m].[MechanicId] IS NULL THEN NULL
          ELSE COALESCE([u0].[FirstName], N'') + N' ' + COALESCE([u0].[LastName], N'')
      END, [s0].[ShopName], [s1].[ServiceName], [s].[IssueDescription], [s].[ServiceLocationAddress], [s].[ScheduledAt], [s].[EstimatedTotal], [s].[FinalTotal], [s].[CreatedAt]
      FROM [dbo].[service_requests] AS [s]
      INNER JOIN [dbo].[clients] AS [c] ON [s].[ClientId] = [c].[ClientId]
      INNER JOIN [dbo].[request_statuses] AS [r] ON [s].[CurrentStatusId] = [r].[StatusId]
      INNER JOIN [dbo].[users] AS [u] ON [c].[UserId] = [u].[UserId]
      LEFT JOIN [dbo].[mechanics] AS [m] ON [s].[MechanicId] = [m].[MechanicId]
      LEFT JOIN [dbo].[users] AS [u0] ON [m].[UserId] = [u0].[UserId]
      LEFT JOIN [dbo].[shops] AS [s0] ON [s].[ShopId] = [s0].[ShopId]
      LEFT JOIN [dbo].[shop_services] AS [s1] ON [s].[ShopServiceId] = [s1].[ShopServiceId]
      WHERE [c].[UserId] = @userId
      ORDER BY [s].[CreatedAt] DESC
info: Microsoft.EntityFrameworkCore.Database.Command[20101]
      Executed DbCommand (1ms) [Parameters=[@userId='?' (DbType = Int32)], CommandType='Text', CommandTimeout='30']
      SELECT [s].[RequestId], [r].[StatusName], [u].[FirstName] + N' ' + [u].[LastName], CASE
          WHEN [m].[MechanicId] IS NULL THEN NULL
          ELSE COALESCE([u0].[FirstName], N'') + N' ' + COALESCE([u0].[LastName], N'')
      END, [s0].[ShopName], [s1].[ServiceName], [s].[IssueDescription], [s].[ServiceLocationAddress], [s].[ScheduledAt], [s].[EstimatedTotal], [s].[FinalTotal], [s].[CreatedAt]
      FROM [dbo].[service_requests] AS [s]
      INNER JOIN [dbo].[clients] AS [c] ON [s].[ClientId] = [c].[ClientId]
      INNER JOIN [dbo].[request_statuses] AS [r] ON [s].[CurrentStatusId] = [r].[StatusId]
      INNER JOIN [dbo].[users] AS [u] ON [c].[UserId] = [u].[UserId]
      LEFT JOIN [dbo].[mechanics] AS [m] ON [s].[MechanicId] = [m].[MechanicId]
      LEFT JOIN [dbo].[users] AS [u0] ON [m].[UserId] = [u0].[UserId]
      LEFT JOIN [dbo].[shops] AS [s0] ON [s].[ShopId] = [s0].[ShopId]
      LEFT JOIN [dbo].[shop_services] AS [s1] ON [s].[ShopServiceId] = [s1].[ShopServiceId]
      WHERE [c].[UserId] = @userId
      ORDER BY [s].[CreatedAt] DESC
info: Microsoft.EntityFrameworkCore.Database.Command[20101]
      Executed DbCommand (2ms) [Parameters=[@id='?' (DbType = Int32)], CommandType='Text', CommandTimeout='30']
      SELECT TOP(2) [s].[RequestId], [r].[StatusName], [u].[FirstName] + N' ' + [u].[LastName], CASE
          WHEN [m].[MechanicId] IS NULL THEN NULL
          ELSE COALESCE([u0].[FirstName], N'') + N' ' + COALESCE([u0].[LastName], N'')
      END, [s0].[ShopName], [s1].[ServiceName], [s].[IssueDescription], [s].[ServiceLocationAddress], [s].[ScheduledAt], [s].[EstimatedTotal], [s].[FinalTotal], [s].[CreatedAt]
      FROM [dbo].[service_requests] AS [s]
      INNER JOIN [dbo].[request_statuses] AS [r] ON [s].[CurrentStatusId] = [r].[StatusId]
      INNER JOIN [dbo].[clients] AS [c] ON [s].[ClientId] = [c].[ClientId]
      INNER JOIN [dbo].[users] AS [u] ON [c].[UserId] = [u].[UserId]
      LEFT JOIN [dbo].[mechanics] AS [m] ON [s].[MechanicId] = [m].[MechanicId]
      LEFT JOIN [dbo].[users] AS [u0] ON [m].[UserId] = [u0].[UserId]
      LEFT JOIN [dbo].[shops] AS [s0] ON [s].[ShopId] = [s0].[ShopId]
      LEFT JOIN [dbo].[shop_services] AS [s1] ON [s].[ShopServiceId] = [s1].[ShopServiceId]
      WHERE [s].[RequestId] = @id
info: Microsoft.EntityFrameworkCore.Database.Command[20101]
      Executed DbCommand (1ms) [Parameters=[@userId='?' (DbType = Int32)], CommandType='Text', CommandTimeout='30']
      SELECT [s].[RequestId], [r].[StatusName], [u].[FirstName] + N' ' + [u].[LastName], CASE
          WHEN [m].[MechanicId] IS NULL THEN NULL
          ELSE COALESCE([u0].[FirstName], N'') + N' ' + COALESCE([u0].[LastName], N'')
      END, [s0].[ShopName], [s1].[ServiceName], [s].[IssueDescription], [s].[ServiceLocationAddress], [s].[ScheduledAt], [s].[EstimatedTotal], [s].[FinalTotal], [s].[CreatedAt]
      FROM [dbo].[service_requests] AS [s]
      INNER JOIN [dbo].[clients] AS [c] ON [s].[ClientId] = [c].[ClientId]
      INNER JOIN [dbo].[request_statuses] AS [r] ON [s].[CurrentStatusId] = [r].[StatusId]
      INNER JOIN [dbo].[users] AS [u] ON [c].[UserId] = [u].[UserId]
      LEFT JOIN [dbo].[mechanics] AS [m] ON [s].[MechanicId] = [m].[MechanicId]
      LEFT JOIN [dbo].[users] AS [u0] ON [m].[UserId] = [u0].[UserId]
      LEFT JOIN [dbo].[shops] AS [s0] ON [s].[ShopId] = [s0].[ShopId]
      LEFT JOIN [dbo].[shop_services] AS [s1] ON [s].[ShopServiceId] = [s1].[ShopServiceId]
      WHERE [c].[UserId] = @userId
      ORDER BY [s].[CreatedAt] DESC
info: Microsoft.EntityFrameworkCore.Database.Command[20101]
      Executed DbCommand (6ms) [Parameters=[@userId='?' (DbType = Int32)], CommandType='Text', CommandTimeout='30']
      SELECT [p].[PaymentId], [p].[Amount], [p].[CheckoutUrl], [p].[ClientId], [p].[CreatedAt], [p].[Currency], [p].[PaidAt], [p].[PaymentMethodId], [p].[PaymentStatusId], [p].[ProviderCheckoutSessionId], [p].[ProviderName], [p].[ProviderPaymentId], [p].[ProviderReferenceNumber], [p].[RequestId], [p].[UpdatedAt], [p0].[PaymentStatusId], [p0].[StatusName], [c].[ClientId], [c].[CreatedAt], [c].[UserId]
      FROM [dbo].[payments] AS [p]
      INNER JOIN [dbo].[clients] AS [c] ON [p].[ClientId] = [c].[ClientId]
      INNER JOIN [dbo].[payment_statuses] AS [p0] ON [p].[PaymentStatusId] = [p0].[PaymentStatusId]
      WHERE [c].[UserId] = @userId
      ORDER BY [p].[CreatedAt] DESC
info: Microsoft.EntityFrameworkCore.Database.Command[20101]
      Executed DbCommand (1ms) [Parameters=[@userId='?' (DbType = Int32)], CommandType='Text', CommandTimeout='30']
      SELECT [s].[RequestId], [r].[StatusName], [u].[FirstName] + N' ' + [u].[LastName], CASE
          WHEN [m].[MechanicId] IS NULL THEN NULL
          ELSE COALESCE([u0].[FirstName], N'') + N' ' + COALESCE([u0].[LastName], N'')
      END, [s0].[ShopName], [s1].[ServiceName], [s].[IssueDescription], [s].[ServiceLocationAddress], [s].[ScheduledAt], [s].[EstimatedTotal], [s].[FinalTotal], [s].[CreatedAt]
      FROM [dbo].[service_requests] AS [s]
      INNER JOIN [dbo].[clients] AS [c] ON [s].[ClientId] = [c].[ClientId]
      INNER JOIN [dbo].[request_statuses] AS [r] ON [s].[CurrentStatusId] = [r].[StatusId]
      INNER JOIN [dbo].[users] AS [u] ON [c].[UserId] = [u].[UserId]
      LEFT JOIN [dbo].[mechanics] AS [m] ON [s].[MechanicId] = [m].[MechanicId]
      LEFT JOIN [dbo].[users] AS [u0] ON [m].[UserId] = [u0].[UserId]
      LEFT JOIN [dbo].[shops] AS [s0] ON [s].[ShopId] = [s0].[ShopId]
      LEFT JOIN [dbo].[shop_services] AS [s1] ON [s].[ShopServiceId] = [s1].[ShopServiceId]
      WHERE [c].[UserId] = @userId
      ORDER BY [s].[CreatedAt] DESC
info: Microsoft.EntityFrameworkCore.Database.Command[20101]
      Executed DbCommand (1ms) [Parameters=[@userId='?' (DbType = Int32)], CommandType='Text', CommandTimeout='30']
      SELECT [p].[PaymentId], [p].[Amount], [p].[CheckoutUrl], [p].[ClientId], [p].[CreatedAt], [p].[Currency], [p].[PaidAt], [p].[PaymentMethodId], [p].[PaymentStatusId], [p].[ProviderCheckoutSessionId], [p].[ProviderName], [p].[ProviderPaymentId], [p].[ProviderReferenceNumber], [p].[RequestId], [p].[UpdatedAt], [p0].[PaymentStatusId], [p0].[StatusName], [c].[ClientId], [c].[CreatedAt], [c].[UserId]
      FROM [dbo].[payments] AS [p]
      INNER JOIN [dbo].[clients] AS [c] ON [p].[ClientId] = [c].[ClientId]
      INNER JOIN [dbo].[payment_statuses] AS [p0] ON [p].[PaymentStatusId] = [p0].[PaymentStatusId]
      WHERE [c].[UserId] = @userId
      ORDER BY [p].[CreatedAt] DESC
info: Microsoft.EntityFrameworkCore.Database.Command[20101]
      Executed DbCommand (0ms) [Parameters=[@id='?' (DbType = Int32)], CommandType='Text', CommandTimeout='30']
      SELECT TOP(2) [s].[RequestId], [r].[StatusName], [u].[FirstName] + N' ' + [u].[LastName], CASE
          WHEN [m].[MechanicId] IS NULL THEN NULL
          ELSE COALESCE([u0].[FirstName], N'') + N' ' + COALESCE([u0].[LastName], N'')
      END, [s0].[ShopName], [s1].[ServiceName], [s].[IssueDescription], [s].[ServiceLocationAddress], [s].[ScheduledAt], [s].[EstimatedTotal], [s].[FinalTotal], [s].[CreatedAt]
      FROM [dbo].[service_requests] AS [s]
      INNER JOIN [dbo].[request_statuses] AS [r] ON [s].[CurrentStatusId] = [r].[StatusId]
      INNER JOIN [dbo].[clients] AS [c] ON [s].[ClientId] = [c].[ClientId]
      INNER JOIN [dbo].[users] AS [u] ON [c].[UserId] = [u].[UserId]
      LEFT JOIN [dbo].[mechanics] AS [m] ON [s].[MechanicId] = [m].[MechanicId]
      LEFT JOIN [dbo].[users] AS [u0] ON [m].[UserId] = [u0].[UserId]
      LEFT JOIN [dbo].[shops] AS [s0] ON [s].[ShopId] = [s0].[ShopId]
      LEFT JOIN [dbo].[shop_services] AS [s1] ON [s].[ShopServiceId] = [s1].[ShopServiceId]
      WHERE [s].[RequestId] = @id
info: Microsoft.EntityFrameworkCore.Database.Command[20101]
      Executed DbCommand (1ms) [Parameters=[@userId='?' (DbType = Int32)], CommandType='Text', CommandTimeout='30']
      SELECT [s].[ClientId], [s].[CreatedAt], [s].[UserId], [s].[UserId0], [s].[AccountStatus], [s].[CreatedAt0], [s].[Email], [s].[EmailVerified], [s].[FirstName], [s].[LastName], [s].[PasswordHash], [s].[PhoneNumber], [s].[PhoneVerified], [s].[ProfileImageUrl], [s].[UpdatedAt], [c0].[AddressId], [c0].[AddressLine], [c0].[City], [c0].[ClientId], [c0].[CreatedAt], [c0].[IsDefault], [c0].[Label], [c0].[Latitude], [c0].[Longitude], [c0].[PostalCode], [c0].[Province], [m].[MotorcycleId], [m].[Brand], [m].[ClientId], [m].[Color], [m].[CreatedAt], [m].[EngineType], [m].[Model], [m].[MotorcycleImageUrl], [m].[PlateNumber], [m].[YearModel]
      FROM (
          SELECT TOP(2) [c].[ClientId], [c].[CreatedAt], [c].[UserId], [u].[UserId] AS [UserId0], [u].[AccountStatus], [u].[CreatedAt] AS [CreatedAt0], [u].[Email], [u].[EmailVerified], [u].[FirstName], [u].[LastName], [u].[PasswordHash], [u].[PhoneNumber], [u].[PhoneVerified], [u].[ProfileImageUrl], [u].[UpdatedAt]
          FROM [dbo].[clients] AS [c]
          INNER JOIN [dbo].[users] AS [u] ON [c].[UserId] = [u].[UserId]
          WHERE [c].[UserId] = @userId
      ) AS [s]
      LEFT JOIN [dbo].[client_addresses] AS [c0] ON [s].[ClientId] = [c0].[ClientId]
      LEFT JOIN [dbo].[motorcycles] AS [m] ON [s].[ClientId] = [m].[ClientId]
      ORDER BY [s].[ClientId], [s].[UserId0], [c0].[AddressId]
info: Microsoft.EntityFrameworkCore.Database.Command[20101]
      Executed DbCommand (1ms) [Parameters=[@userId='?' (DbType = Int32)], CommandType='Text', CommandTimeout='30']
      SELECT [p].[PaymentId], [p].[Amount], [p].[CheckoutUrl], [p].[ClientId], [p].[CreatedAt], [p].[Currency], [p].[PaidAt], [p].[PaymentMethodId], [p].[PaymentStatusId], [p].[ProviderCheckoutSessionId], [p].[ProviderName], [p].[ProviderPaymentId], [p].[ProviderReferenceNumber], [p].[RequestId], [p].[UpdatedAt], [p0].[PaymentStatusId], [p0].[StatusName], [c].[ClientId], [c].[CreatedAt], [c].[UserId]
      FROM [dbo].[payments] AS [p]
      INNER JOIN [dbo].[clients] AS [c] ON [p].[ClientId] = [c].[ClientId]
      INNER JOIN [dbo].[payment_statuses] AS [p0] ON [p].[PaymentStatusId] = [p0].[PaymentStatusId]
      WHERE [c].[UserId] = @userId
      ORDER BY [p].[CreatedAt] DESC
info: Microsoft.EntityFrameworkCore.Database.Command[20101]
      Executed DbCommand (0ms) [Parameters=[@userId='?' (DbType = Int32)], CommandType='Text', CommandTimeout='30']
      SELECT [s].[ClientId], [s].[CreatedAt], [s].[UserId], [s].[UserId0], [s].[AccountStatus], [s].[CreatedAt0], [s].[Email], [s].[EmailVerified], [s].[FirstName], [s].[LastName], [s].[PasswordHash], [s].[PhoneNumber], [s].[PhoneVerified], [s].[ProfileImageUrl], [s].[UpdatedAt], [c0].[AddressId], [c0].[AddressLine], [c0].[City], [c0].[ClientId], [c0].[CreatedAt], [c0].[IsDefault], [c0].[Label], [c0].[Latitude], [c0].[Longitude], [c0].[PostalCode], [c0].[Province], [m].[MotorcycleId], [m].[Brand], [m].[ClientId], [m].[Color], [m].[CreatedAt], [m].[EngineType], [m].[Model], [m].[MotorcycleImageUrl], [m].[PlateNumber], [m].[YearModel]
      FROM (
          SELECT TOP(2) [c].[ClientId], [c].[CreatedAt], [c].[UserId], [u].[UserId] AS [UserId0], [u].[AccountStatus], [u].[CreatedAt] AS [CreatedAt0], [u].[Email], [u].[EmailVerified], [u].[FirstName], [u].[LastName], [u].[PasswordHash], [u].[PhoneNumber], [u].[PhoneVerified], [u].[ProfileImageUrl], [u].[UpdatedAt]
          FROM [dbo].[clients] AS [c]
          INNER JOIN [dbo].[users] AS [u] ON [c].[UserId] = [u].[UserId]
          WHERE [c].[UserId] = @userId
      ) AS [s]
      LEFT JOIN [dbo].[client_addresses] AS [c0] ON [s].[ClientId] = [c0].[ClientId]
      LEFT JOIN [dbo].[motorcycles] AS [m] ON [s].[ClientId] = [m].[ClientId]
      ORDER BY [s].[ClientId], [s].[UserId0], [c0].[AddressId]
info: Microsoft.EntityFrameworkCore.Database.Command[20101]
      Executed DbCommand (1ms) [Parameters=[@userId='?' (DbType = Int32)], CommandType='Text', CommandTimeout='30']
      SELECT [p].[PaymentId], [p].[Amount], [p].[CheckoutUrl], [p].[ClientId], [p].[CreatedAt], [p].[Currency], [p].[PaidAt], [p].[PaymentMethodId], [p].[PaymentStatusId], [p].[ProviderCheckoutSessionId], [p].[ProviderName], [p].[ProviderPaymentId], [p].[ProviderReferenceNumber], [p].[RequestId], [p].[UpdatedAt], [p0].[PaymentStatusId], [p0].[StatusName], [c].[ClientId], [c].[CreatedAt], [c].[UserId]
      FROM [dbo].[payments] AS [p]
      INNER JOIN [dbo].[clients] AS [c] ON [p].[ClientId] = [c].[ClientId]
      INNER JOIN [dbo].[payment_statuses] AS [p0] ON [p].[PaymentStatusId] = [p0].[PaymentStatusId]
      WHERE [c].[UserId] = @userId
      ORDER BY [p].[CreatedAt] DESC
info: Microsoft.EntityFrameworkCore.Database.Command[20101]
      Executed DbCommand (1ms) [Parameters=[@userId='?' (DbType = Int32)], CommandType='Text', CommandTimeout='30']
      SELECT [p].[PaymentId], [p].[Amount], [p].[CheckoutUrl], [p].[ClientId], [p].[CreatedAt], [p].[Currency], [p].[PaidAt], [p].[PaymentMethodId], [p].[PaymentStatusId], [p].[ProviderCheckoutSessionId], [p].[ProviderName], [p].[ProviderPaymentId], [p].[ProviderReferenceNumber], [p].[RequestId], [p].[UpdatedAt], [p0].[PaymentStatusId], [p0].[StatusName], [c].[ClientId], [c].[CreatedAt], [c].[UserId]
      FROM [dbo].[payments] AS [p]
      INNER JOIN [dbo].[clients] AS [c] ON [p].[ClientId] = [c].[ClientId]
      INNER JOIN [dbo].[payment_statuses] AS [p0] ON [p].[PaymentStatusId] = [p0].[PaymentStatusId]
      WHERE [c].[UserId] = @userId
      ORDER BY [p].[CreatedAt] DESC
info: Microsoft.EntityFrameworkCore.Database.Command[20101]
      Executed DbCommand (1ms) [Parameters=[@userId='?' (DbType = Int32)], CommandType='Text', CommandTimeout='30']
      SELECT [s].[RequestId], [r].[StatusName], [u].[FirstName] + N' ' + [u].[LastName], CASE
          WHEN [m].[MechanicId] IS NULL THEN NULL
          ELSE COALESCE([u0].[FirstName], N'') + N' ' + COALESCE([u0].[LastName], N'')
      END, [s0].[ShopName], [s1].[ServiceName], [s].[IssueDescription], [s].[ServiceLocationAddress], [s].[ScheduledAt], [s].[EstimatedTotal], [s].[FinalTotal], [s].[CreatedAt]
      FROM [dbo].[service_requests] AS [s]
      INNER JOIN [dbo].[clients] AS [c] ON [s].[ClientId] = [c].[ClientId]
      INNER JOIN [dbo].[request_statuses] AS [r] ON [s].[CurrentStatusId] = [r].[StatusId]
      INNER JOIN [dbo].[users] AS [u] ON [c].[UserId] = [u].[UserId]
      LEFT JOIN [dbo].[mechanics] AS [m] ON [s].[MechanicId] = [m].[MechanicId]
      LEFT JOIN [dbo].[users] AS [u0] ON [m].[UserId] = [u0].[UserId]
      LEFT JOIN [dbo].[shops] AS [s0] ON [s].[ShopId] = [s0].[ShopId]
      LEFT JOIN [dbo].[shop_services] AS [s1] ON [s].[ShopServiceId] = [s1].[ShopServiceId]
      WHERE [c].[UserId] = @userId
      ORDER BY [s].[CreatedAt] DESC
warn: Microsoft.EntityFrameworkCore.Query[20504]
      Compiling a query which loads related collections for more than one collection navigation, either via 'Include' or through projection, but no 'QuerySplittingBehavior' has been configured. By default, Entity Framework will use 'QuerySplittingBehavior.SingleQuery', which can potentially result in slow query performance. See https://go.microsoft.com/fwlink/?linkid=2134277 for more information. To identify the query that's triggering this warning call 'ConfigureWarnings(w => w.Throw(RelationalEventId.MultipleCollectionIncludeWarning))'.
info: Microsoft.EntityFrameworkCore.Database.Command[20101]
      Executed DbCommand (20ms) [Parameters=[@userId='?' (DbType = Int32)], CommandType='Text', CommandTimeout='30']
      SELECT [c].[ConversationId], [c].[ConversationType], [c].[CreatedAt], [c].[LastMessageAt], [c].[RequestId], [s].[RequestId], [s0].[ShopId], [s1].[ShopServiceId], [m].[MechanicId], [u].[UserId], [s2].[ConversationId], [s2].[UserId], [s2].[JoinedAt], [s2].[LastReadAt], [s2].[UserId0], [s2].[AccountStatus], [s2].[CreatedAt], [s2].[Email], [s2].[EmailVerified], [s2].[FirstName], [s2].[LastName], [s2].[PasswordHash], [s2].[PhoneNumber], [s2].[PhoneVerified], [s2].[ProfileImageUrl], [s2].[UpdatedAt], [m0].[MessageId], [m0].[AttachmentUrl], [m0].[ConversationId], [m0].[CreatedAt], [m0].[MessageText], [m0].[ReadAt], [m0].[SenderUserId], [s].[AcceptedAt], [s].[CancelledAt], [s].[ClientId], [s].[CompletedAt], [s].[CreatedAt], [s].[CurrentStatusId], [s].[EstimatedTotal], [s].[FinalTotal], [s].[IssueDescription], [s].[MechanicId], [s].[MotorcycleId], [s].[ScheduledAt], [s].[ServiceLatitude], [s].[ServiceLocationAddress], [s].[ServiceLongitude], [s].[ShopId], [s].[ShopServiceId], [s0].[AddressLine], [s0].[BusinessPermitUrl], [s0].[City], [s0].[ContactNumber], [s0].[CreatedAt], [s0].[Latitude], [s0].[Longitude], [s0].[OwnerUserId], [s0].[Province], [s0].[ShopDescription], [s0].[ShopImageUrl], [s0].[ShopName], [s0].[ShopStatus], [s0].[UpdatedAt], [s1].[BasePrice], [s1].[CategoryId], [s1].[CreatedAt], [s1].[EstimatedMinutes], [s1].[IsActive], [s1].[ServiceDescription], [s1].[ServiceName], [s1].[ShopId], [m].[AvailabilityStatus], [m].[AverageRating], [m].[Bio], [m].[CertificationImageUrl], [m].[CreatedAt], [m].[CurrentLatitude], [m].[CurrentLongitude], [m].[IsVerified], [m].[TotalCompletedJobs], [m].[UpdatedAt], [m].[UserId], [m].[YearsExperience], [u].[AccountStatus], [u].[CreatedAt], [u].[Email], [u].[EmailVerified], [u].[FirstName], [u].[LastName], [u].[PasswordHash], [u].[PhoneNumber], [u].[PhoneVerified], [u].[ProfileImageUrl], [u].[UpdatedAt]
      FROM [dbo].[conversations] AS [c]
      LEFT JOIN [dbo].[service_requests] AS [s] ON [c].[RequestId] = [s].[RequestId]
      LEFT JOIN [dbo].[shops] AS [s0] ON [s].[ShopId] = [s0].[ShopId]
      LEFT JOIN [dbo].[shop_services] AS [s1] ON [s].[ShopServiceId] = [s1].[ShopServiceId]
      LEFT JOIN [dbo].[mechanics] AS [m] ON [s].[MechanicId] = [m].[MechanicId]
      LEFT JOIN [dbo].[users] AS [u] ON [m].[UserId] = [u].[UserId]
      LEFT JOIN (
          SELECT [c1].[ConversationId], [c1].[UserId], [c1].[JoinedAt], [c1].[LastReadAt], [u0].[UserId] AS [UserId0], [u0].[AccountStatus], [u0].[CreatedAt], [u0].[Email], [u0].[EmailVerified], [u0].[FirstName], [u0].[LastName], [u0].[PasswordHash], [u0].[PhoneNumber], [u0].[PhoneVerified], [u0].[ProfileImageUrl], [u0].[UpdatedAt]
          FROM [dbo].[conversation_participants] AS [c1]
          INNER JOIN [dbo].[users] AS [u0] ON [c1].[UserId] = [u0].[UserId]
      ) AS [s2] ON [c].[ConversationId] = [s2].[ConversationId]
      LEFT JOIN [dbo].[messages] AS [m0] ON [c].[ConversationId] = [m0].[ConversationId]
      WHERE EXISTS (
          SELECT 1
          FROM [dbo].[conversation_participants] AS [c0]
          WHERE [c].[ConversationId] = [c0].[ConversationId] AND [c0].[UserId] = @userId)
      ORDER BY COALESCE([c].[LastMessageAt], [c].[CreatedAt]) DESC, [c].[ConversationId], [s].[RequestId], [s0].[ShopId], [s1].[ShopServiceId], [m].[MechanicId], [u].[UserId], [s2].[ConversationId], [s2].[UserId], [s2].[UserId0]
info: Microsoft.EntityFrameworkCore.Database.Command[20101]
      Executed DbCommand (1ms) [Parameters=[@userId='?' (DbType = Int32)], CommandType='Text', CommandTimeout='30']
      SELECT [s].[ClientId], [s].[CreatedAt], [s].[UserId], [s].[UserId0], [s].[AccountStatus], [s].[CreatedAt0], [s].[Email], [s].[EmailVerified], [s].[FirstName], [s].[LastName], [s].[PasswordHash], [s].[PhoneNumber], [s].[PhoneVerified], [s].[ProfileImageUrl], [s].[UpdatedAt], [c0].[AddressId], [c0].[AddressLine], [c0].[City], [c0].[ClientId], [c0].[CreatedAt], [c0].[IsDefault], [c0].[Label], [c0].[Latitude], [c0].[Longitude], [c0].[PostalCode], [c0].[Province], [m].[MotorcycleId], [m].[Brand], [m].[ClientId], [m].[Color], [m].[CreatedAt], [m].[EngineType], [m].[Model], [m].[MotorcycleImageUrl], [m].[PlateNumber], [m].[YearModel]
      FROM (
          SELECT TOP(2) [c].[ClientId], [c].[CreatedAt], [c].[UserId], [u].[UserId] AS [UserId0], [u].[AccountStatus], [u].[CreatedAt] AS [CreatedAt0], [u].[Email], [u].[EmailVerified], [u].[FirstName], [u].[LastName], [u].[PasswordHash], [u].[PhoneNumber], [u].[PhoneVerified], [u].[ProfileImageUrl], [u].[UpdatedAt]
          FROM [dbo].[clients] AS [c]
          INNER JOIN [dbo].[users] AS [u] ON [c].[UserId] = [u].[UserId]
          WHERE [c].[UserId] = @userId
      ) AS [s]
      LEFT JOIN [dbo].[client_addresses] AS [c0] ON [s].[ClientId] = [c0].[ClientId]
      LEFT JOIN [dbo].[motorcycles] AS [m] ON [s].[ClientId] = [m].[ClientId]
      ORDER BY [s].[ClientId], [s].[UserId0], [c0].[AddressId]
info: Microsoft.EntityFrameworkCore.Database.Command[20101]
      Executed DbCommand (1ms) [Parameters=[@userId='?' (DbType = Int32)], CommandType='Text', CommandTimeout='30']
      SELECT [c].[ConversationId], [c].[ConversationType], [c].[CreatedAt], [c].[LastMessageAt], [c].[RequestId], [s].[RequestId], [s0].[ShopId], [s1].[ShopServiceId], [m].[MechanicId], [u].[UserId], [s2].[ConversationId], [s2].[UserId], [s2].[JoinedAt], [s2].[LastReadAt], [s2].[UserId0], [s2].[AccountStatus], [s2].[CreatedAt], [s2].[Email], [s2].[EmailVerified], [s2].[FirstName], [s2].[LastName], [s2].[PasswordHash], [s2].[PhoneNumber], [s2].[PhoneVerified], [s2].[ProfileImageUrl], [s2].[UpdatedAt], [m0].[MessageId], [m0].[AttachmentUrl], [m0].[ConversationId], [m0].[CreatedAt], [m0].[MessageText], [m0].[ReadAt], [m0].[SenderUserId], [s].[AcceptedAt], [s].[CancelledAt], [s].[ClientId], [s].[CompletedAt], [s].[CreatedAt], [s].[CurrentStatusId], [s].[EstimatedTotal], [s].[FinalTotal], [s].[IssueDescription], [s].[MechanicId], [s].[MotorcycleId], [s].[ScheduledAt], [s].[ServiceLatitude], [s].[ServiceLocationAddress], [s].[ServiceLongitude], [s].[ShopId], [s].[ShopServiceId], [s0].[AddressLine], [s0].[BusinessPermitUrl], [s0].[City], [s0].[ContactNumber], [s0].[CreatedAt], [s0].[Latitude], [s0].[Longitude], [s0].[OwnerUserId], [s0].[Province], [s0].[ShopDescription], [s0].[ShopImageUrl], [s0].[ShopName], [s0].[ShopStatus], [s0].[UpdatedAt], [s1].[BasePrice], [s1].[CategoryId], [s1].[CreatedAt], [s1].[EstimatedMinutes], [s1].[IsActive], [s1].[ServiceDescription], [s1].[ServiceName], [s1].[ShopId], [m].[AvailabilityStatus], [m].[AverageRating], [m].[Bio], [m].[CertificationImageUrl], [m].[CreatedAt], [m].[CurrentLatitude], [m].[CurrentLongitude], [m].[IsVerified], [m].[TotalCompletedJobs], [m].[UpdatedAt], [m].[UserId], [m].[YearsExperience], [u].[AccountStatus], [u].[CreatedAt], [u].[Email], [u].[EmailVerified], [u].[FirstName], [u].[LastName], [u].[PasswordHash], [u].[PhoneNumber], [u].[PhoneVerified], [u].[ProfileImageUrl], [u].[UpdatedAt]
      FROM [dbo].[conversations] AS [c]
      LEFT JOIN [dbo].[service_requests] AS [s] ON [c].[RequestId] = [s].[RequestId]
      LEFT JOIN [dbo].[shops] AS [s0] ON [s].[ShopId] = [s0].[ShopId]
      LEFT JOIN [dbo].[shop_services] AS [s1] ON [s].[ShopServiceId] = [s1].[ShopServiceId]
      LEFT JOIN [dbo].[mechanics] AS [m] ON [s].[MechanicId] = [m].[MechanicId]
      LEFT JOIN [dbo].[users] AS [u] ON [m].[UserId] = [u].[UserId]
      LEFT JOIN (
          SELECT [c1].[ConversationId], [c1].[UserId], [c1].[JoinedAt], [c1].[LastReadAt], [u0].[UserId] AS [UserId0], [u0].[AccountStatus], [u0].[CreatedAt], [u0].[Email], [u0].[EmailVerified], [u0].[FirstName], [u0].[LastName], [u0].[PasswordHash], [u0].[PhoneNumber], [u0].[PhoneVerified], [u0].[ProfileImageUrl], [u0].[UpdatedAt]
          FROM [dbo].[conversation_participants] AS [c1]
          INNER JOIN [dbo].[users] AS [u0] ON [c1].[UserId] = [u0].[UserId]
      ) AS [s2] ON [c].[ConversationId] = [s2].[ConversationId]
      LEFT JOIN [dbo].[messages] AS [m0] ON [c].[ConversationId] = [m0].[ConversationId]
      WHERE EXISTS (
          SELECT 1
          FROM [dbo].[conversation_participants] AS [c0]
          WHERE [c].[ConversationId] = [c0].[ConversationId] AND [c0].[UserId] = @userId)
      ORDER BY COALESCE([c].[LastMessageAt], [c].[CreatedAt]) DESC, [c].[ConversationId], [s].[RequestId], [s0].[ShopId], [s1].[ShopServiceId], [m].[MechanicId], [u].[UserId], [s2].[ConversationId], [s2].[UserId], [s2].[UserId0]
info: Microsoft.EntityFrameworkCore.Database.Command[20101]
      Executed DbCommand (2ms) [Parameters=[@conversationId='?' (DbType = Int32)], CommandType='Text', CommandTimeout='30']
      SELECT [m].[MessageId], [m].[ConversationId], [m].[SenderUserId], [m].[MessageText], [m].[AttachmentUrl], [m].[CreatedAt], [m].[ReadAt]
      FROM [dbo].[messages] AS [m]
      WHERE [m].[ConversationId] = @conversationId
      ORDER BY [m].[CreatedAt]
info: Microsoft.EntityFrameworkCore.Database.Command[20101]
      Executed DbCommand (2ms) [Parameters=[@conversationId='?' (DbType = Int32)], CommandType='Text', CommandTimeout='30']
      SELECT TOP(2) [c].[ConversationId], [c].[ConversationType], [c].[CreatedAt], [c].[LastMessageAt], [c].[RequestId]
      FROM [dbo].[conversations] AS [c]
      WHERE [c].[ConversationId] = @conversationId
info: Microsoft.EntityFrameworkCore.Database.Command[20101]
      Executed DbCommand (4ms) [Parameters=[@p1='?' (DbType = Int32), @p0='?' (DbType = DateTime2), @p2='?' (Size = 500), @p3='?' (DbType = Int32), @p4='?' (DbType = DateTime2), @p5='?' (Size = 4000), @p6='?' (DbType = DateTime2), @p7='?' (DbType = Int32)], CommandType='Text', CommandTimeout='30']
      SET NOCOUNT ON;
      UPDATE [dbo].[conversations] SET [LastMessageAt] = @p0
      OUTPUT 1
      WHERE [ConversationId] = @p1;
      INSERT INTO [dbo].[messages] ([AttachmentUrl], [ConversationId], [CreatedAt], [MessageText], [ReadAt], [SenderUserId])
      OUTPUT INSERTED.[MessageId]
      VALUES (@p2, @p3, @p4, @p5, @p6, @p7);
info: Microsoft.EntityFrameworkCore.Database.Command[20101]
      Executed DbCommand (9ms) [Parameters=[@userId='?' (DbType = Int32)], CommandType='Text', CommandTimeout='30']
      SELECT [s].[ClientId], [s].[CreatedAt], [s].[UserId], [s].[UserId0], [s].[AccountStatus], [s].[CreatedAt0], [s].[Email], [s].[EmailVerified], [s].[FirstName], [s].[LastName], [s].[PasswordHash], [s].[PhoneNumber], [s].[PhoneVerified], [s].[ProfileImageUrl], [s].[UpdatedAt], [c0].[AddressId], [c0].[AddressLine], [c0].[City], [c0].[ClientId], [c0].[CreatedAt], [c0].[IsDefault], [c0].[Label], [c0].[Latitude], [c0].[Longitude], [c0].[PostalCode], [c0].[Province], [m].[MotorcycleId], [m].[Brand], [m].[ClientId], [m].[Color], [m].[CreatedAt], [m].[EngineType], [m].[Model], [m].[MotorcycleImageUrl], [m].[PlateNumber], [m].[YearModel]
      FROM (
          SELECT TOP(2) [c].[ClientId], [c].[CreatedAt], [c].[UserId], [u].[UserId] AS [UserId0], [u].[AccountStatus], [u].[CreatedAt] AS [CreatedAt0], [u].[Email], [u].[EmailVerified], [u].[FirstName], [u].[LastName], [u].[PasswordHash], [u].[PhoneNumber], [u].[PhoneVerified], [u].[ProfileImageUrl], [u].[UpdatedAt]
          FROM [dbo].[clients] AS [c]
          INNER JOIN [dbo].[users] AS [u] ON [c].[UserId] = [u].[UserId]
          WHERE [c].[UserId] = @userId
      ) AS [s]
      LEFT JOIN [dbo].[client_addresses] AS [c0] ON [s].[ClientId] = [c0].[ClientId]
      LEFT JOIN [dbo].[motorcycles] AS [m] ON [s].[ClientId] = [m].[ClientId]
      ORDER BY [s].[ClientId], [s].[UserId0], [c0].[AddressId]
info: Microsoft.EntityFrameworkCore.Database.Command[20101]
      Executed DbCommand (22ms) [Parameters=[@userId='?' (DbType = Int32)], CommandType='Text', CommandTimeout='30']
      SELECT [c].[ConversationId], [c].[ConversationType], [c].[CreatedAt], [c].[LastMessageAt], [c].[RequestId], [s].[RequestId], [s0].[ShopId], [s1].[ShopServiceId], [m].[MechanicId], [u].[UserId], [s2].[ConversationId], [s2].[UserId], [s2].[JoinedAt], [s2].[LastReadAt], [s2].[UserId0], [s2].[AccountStatus], [s2].[CreatedAt], [s2].[Email], [s2].[EmailVerified], [s2].[FirstName], [s2].[LastName], [s2].[PasswordHash], [s2].[PhoneNumber], [s2].[PhoneVerified], [s2].[ProfileImageUrl], [s2].[UpdatedAt], [m0].[MessageId], [m0].[AttachmentUrl], [m0].[ConversationId], [m0].[CreatedAt], [m0].[MessageText], [m0].[ReadAt], [m0].[SenderUserId], [s].[AcceptedAt], [s].[CancelledAt], [s].[ClientId], [s].[CompletedAt], [s].[CreatedAt], [s].[CurrentStatusId], [s].[EstimatedTotal], [s].[FinalTotal], [s].[IssueDescription], [s].[MechanicId], [s].[MotorcycleId], [s].[ScheduledAt], [s].[ServiceLatitude], [s].[ServiceLocationAddress], [s].[ServiceLongitude], [s].[ShopId], [s].[ShopServiceId], [s0].[AddressLine], [s0].[BusinessPermitUrl], [s0].[City], [s0].[ContactNumber], [s0].[CreatedAt], [s0].[Latitude], [s0].[Longitude], [s0].[OwnerUserId], [s0].[Province], [s0].[ShopDescription], [s0].[ShopImageUrl], [s0].[ShopName], [s0].[ShopStatus], [s0].[UpdatedAt], [s1].[BasePrice], [s1].[CategoryId], [s1].[CreatedAt], [s1].[EstimatedMinutes], [s1].[IsActive], [s1].[ServiceDescription], [s1].[ServiceName], [s1].[ShopId], [m].[AvailabilityStatus], [m].[AverageRating], [m].[Bio], [m].[CertificationImageUrl], [m].[CreatedAt], [m].[CurrentLatitude], [m].[CurrentLongitude], [m].[IsVerified], [m].[TotalCompletedJobs], [m].[UpdatedAt], [m].[UserId], [m].[YearsExperience], [u].[AccountStatus], [u].[CreatedAt], [u].[Email], [u].[EmailVerified], [u].[FirstName], [u].[LastName], [u].[PasswordHash], [u].[PhoneNumber], [u].[PhoneVerified], [u].[ProfileImageUrl], [u].[UpdatedAt]
      FROM [dbo].[conversations] AS [c]
      LEFT JOIN [dbo].[service_requests] AS [s] ON [c].[RequestId] = [s].[RequestId]
      LEFT JOIN [dbo].[shops] AS [s0] ON [s].[ShopId] = [s0].[ShopId]
      LEFT JOIN [dbo].[shop_services] AS [s1] ON [s].[ShopServiceId] = [s1].[ShopServiceId]
      LEFT JOIN [dbo].[mechanics] AS [m] ON [s].[MechanicId] = [m].[MechanicId]
      LEFT JOIN [dbo].[users] AS [u] ON [m].[UserId] = [u].[UserId]
      LEFT JOIN (
          SELECT [c1].[ConversationId], [c1].[UserId], [c1].[JoinedAt], [c1].[LastReadAt], [u0].[UserId] AS [UserId0], [u0].[AccountStatus], [u0].[CreatedAt], [u0].[Email], [u0].[EmailVerified], [u0].[FirstName], [u0].[LastName], [u0].[PasswordHash], [u0].[PhoneNumber], [u0].[PhoneVerified], [u0].[ProfileImageUrl], [u0].[UpdatedAt]
          FROM [dbo].[conversation_participants] AS [c1]
          INNER JOIN [dbo].[users] AS [u0] ON [c1].[UserId] = [u0].[UserId]
      ) AS [s2] ON [c].[ConversationId] = [s2].[ConversationId]
      LEFT JOIN [dbo].[messages] AS [m0] ON [c].[ConversationId] = [m0].[ConversationId]
      WHERE EXISTS (
          SELECT 1
          FROM [dbo].[conversation_participants] AS [c0]
          WHERE [c].[ConversationId] = [c0].[ConversationId] AND [c0].[UserId] = @userId)
      ORDER BY COALESCE([c].[LastMessageAt], [c].[CreatedAt]) DESC, [c].[ConversationId], [s].[RequestId], [s0].[ShopId], [s1].[ShopServiceId], [m].[MechanicId], [u].[UserId], [s2].[ConversationId], [s2].[UserId], [s2].[UserId0]
info: Microsoft.EntityFrameworkCore.Database.Command[20101]
      Executed DbCommand (2ms) [Parameters=[@conversationId='?' (DbType = Int32)], CommandType='Text', CommandTimeout='30']
      SELECT [m].[MessageId], [m].[ConversationId], [m].[SenderUserId], [m].[MessageText], [m].[AttachmentUrl], [m].[CreatedAt], [m].[ReadAt]
      FROM [dbo].[messages] AS [m]
      WHERE [m].[ConversationId] = @conversationId
      ORDER BY [m].[CreatedAt]
info: Microsoft.EntityFrameworkCore.Database.Command[20101]
      Executed DbCommand (1ms) [Parameters=[@userId='?' (DbType = Int32)], CommandType='Text', CommandTimeout='30']
      SELECT [c].[ConversationId], [c].[ConversationType], [c].[CreatedAt], [c].[LastMessageAt], [c].[RequestId], [s].[RequestId], [s0].[ShopId], [s1].[ShopServiceId], [m].[MechanicId], [u].[UserId], [s2].[ConversationId], [s2].[UserId], [s2].[JoinedAt], [s2].[LastReadAt], [s2].[UserId0], [s2].[AccountStatus], [s2].[CreatedAt], [s2].[Email], [s2].[EmailVerified], [s2].[FirstName], [s2].[LastName], [s2].[PasswordHash], [s2].[PhoneNumber], [s2].[PhoneVerified], [s2].[ProfileImageUrl], [s2].[UpdatedAt], [m0].[MessageId], [m0].[AttachmentUrl], [m0].[ConversationId], [m0].[CreatedAt], [m0].[MessageText], [m0].[ReadAt], [m0].[SenderUserId], [s].[AcceptedAt], [s].[CancelledAt], [s].[ClientId], [s].[CompletedAt], [s].[CreatedAt], [s].[CurrentStatusId], [s].[EstimatedTotal], [s].[FinalTotal], [s].[IssueDescription], [s].[MechanicId], [s].[MotorcycleId], [s].[ScheduledAt], [s].[ServiceLatitude], [s].[ServiceLocationAddress], [s].[ServiceLongitude], [s].[ShopId], [s].[ShopServiceId], [s0].[AddressLine], [s0].[BusinessPermitUrl], [s0].[City], [s0].[ContactNumber], [s0].[CreatedAt], [s0].[Latitude], [s0].[Longitude], [s0].[OwnerUserId], [s0].[Province], [s0].[ShopDescription], [s0].[ShopImageUrl], [s0].[ShopName], [s0].[ShopStatus], [s0].[UpdatedAt], [s1].[BasePrice], [s1].[CategoryId], [s1].[CreatedAt], [s1].[EstimatedMinutes], [s1].[IsActive], [s1].[ServiceDescription], [s1].[ServiceName], [s1].[ShopId], [m].[AvailabilityStatus], [m].[AverageRating], [m].[Bio], [m].[CertificationImageUrl], [m].[CreatedAt], [m].[CurrentLatitude], [m].[CurrentLongitude], [m].[IsVerified], [m].[TotalCompletedJobs], [m].[UpdatedAt], [m].[UserId], [m].[YearsExperience], [u].[AccountStatus], [u].[CreatedAt], [u].[Email], [u].[EmailVerified], [u].[FirstName], [u].[LastName], [u].[PasswordHash], [u].[PhoneNumber], [u].[PhoneVerified], [u].[ProfileImageUrl], [u].[UpdatedAt]
      FROM [dbo].[conversations] AS [c]
      LEFT JOIN [dbo].[service_requests] AS [s] ON [c].[RequestId] = [s].[RequestId]
      LEFT JOIN [dbo].[shops] AS [s0] ON [s].[ShopId] = [s0].[ShopId]
      LEFT JOIN [dbo].[shop_services] AS [s1] ON [s].[ShopServiceId] = [s1].[ShopServiceId]
      LEFT JOIN [dbo].[mechanics] AS [m] ON [s].[MechanicId] = [m].[MechanicId]
      LEFT JOIN [dbo].[users] AS [u] ON [m].[UserId] = [u].[UserId]
      LEFT JOIN (
          SELECT [c1].[ConversationId], [c1].[UserId], [c1].[JoinedAt], [c1].[LastReadAt], [u0].[UserId] AS [UserId0], [u0].[AccountStatus], [u0].[CreatedAt], [u0].[Email], [u0].[EmailVerified], [u0].[FirstName], [u0].[LastName], [u0].[PasswordHash], [u0].[PhoneNumber], [u0].[PhoneVerified], [u0].[ProfileImageUrl], [u0].[UpdatedAt]
          FROM [dbo].[conversation_participants] AS [c1]
          INNER JOIN [dbo].[users] AS [u0] ON [c1].[UserId] = [u0].[UserId]
      ) AS [s2] ON [c].[ConversationId] = [s2].[ConversationId]
      LEFT JOIN [dbo].[messages] AS [m0] ON [c].[ConversationId] = [m0].[ConversationId]
      WHERE EXISTS (
          SELECT 1
          FROM [dbo].[conversation_participants] AS [c0]
          WHERE [c].[ConversationId] = [c0].[ConversationId] AND [c0].[UserId] = @userId)
      ORDER BY COALESCE([c].[LastMessageAt], [c].[CreatedAt]) DESC, [c].[ConversationId], [s].[RequestId], [s0].[ShopId], [s1].[ShopServiceId], [m].[MechanicId], [u].[UserId], [s2].[ConversationId], [s2].[UserId], [s2].[UserId0]
info: Microsoft.EntityFrameworkCore.Database.Command[20101]
      Executed DbCommand (0ms) [Parameters=[@userId='?' (DbType = Int32)], CommandType='Text', CommandTimeout='30']
      SELECT [s].[ClientId], [s].[CreatedAt], [s].[UserId], [s].[UserId0], [s].[AccountStatus], [s].[CreatedAt0], [s].[Email], [s].[EmailVerified], [s].[FirstName], [s].[LastName], [s].[PasswordHash], [s].[PhoneNumber], [s].[PhoneVerified], [s].[ProfileImageUrl], [s].[UpdatedAt], [c0].[AddressId], [c0].[AddressLine], [c0].[City], [c0].[ClientId], [c0].[CreatedAt], [c0].[IsDefault], [c0].[Label], [c0].[Latitude], [c0].[Longitude], [c0].[PostalCode], [c0].[Province], [m].[MotorcycleId], [m].[Brand], [m].[ClientId], [m].[Color], [m].[CreatedAt], [m].[EngineType], [m].[Model], [m].[MotorcycleImageUrl], [m].[PlateNumber], [m].[YearModel]
      FROM (
          SELECT TOP(2) [c].[ClientId], [c].[CreatedAt], [c].[UserId], [u].[UserId] AS [UserId0], [u].[AccountStatus], [u].[CreatedAt] AS [CreatedAt0], [u].[Email], [u].[EmailVerified], [u].[FirstName], [u].[LastName], [u].[PasswordHash], [u].[PhoneNumber], [u].[PhoneVerified], [u].[ProfileImageUrl], [u].[UpdatedAt]
          FROM [dbo].[clients] AS [c]
          INNER JOIN [dbo].[users] AS [u] ON [c].[UserId] = [u].[UserId]
          WHERE [c].[UserId] = @userId
      ) AS [s]
      LEFT JOIN [dbo].[client_addresses] AS [c0] ON [s].[ClientId] = [c0].[ClientId]
      LEFT JOIN [dbo].[motorcycles] AS [m] ON [s].[ClientId] = [m].[ClientId]
      ORDER BY [s].[ClientId], [s].[UserId0], [c0].[AddressId]
info: Microsoft.EntityFrameworkCore.Database.Command[20101]
      Executed DbCommand (1ms) [Parameters=[@userId='?' (DbType = Int32)], CommandType='Text', CommandTimeout='30']
      SELECT [c].[ConversationId], [c].[ConversationType], [c].[CreatedAt], [c].[LastMessageAt], [c].[RequestId], [s].[RequestId], [s0].[ShopId], [s1].[ShopServiceId], [m].[MechanicId], [u].[UserId], [s2].[ConversationId], [s2].[UserId], [s2].[JoinedAt], [s2].[LastReadAt], [s2].[UserId0], [s2].[AccountStatus], [s2].[CreatedAt], [s2].[Email], [s2].[EmailVerified], [s2].[FirstName], [s2].[LastName], [s2].[PasswordHash], [s2].[PhoneNumber], [s2].[PhoneVerified], [s2].[ProfileImageUrl], [s2].[UpdatedAt], [m0].[MessageId], [m0].[AttachmentUrl], [m0].[ConversationId], [m0].[CreatedAt], [m0].[MessageText], [m0].[ReadAt], [m0].[SenderUserId], [s].[AcceptedAt], [s].[CancelledAt], [s].[ClientId], [s].[CompletedAt], [s].[CreatedAt], [s].[CurrentStatusId], [s].[EstimatedTotal], [s].[FinalTotal], [s].[IssueDescription], [s].[MechanicId], [s].[MotorcycleId], [s].[ScheduledAt], [s].[ServiceLatitude], [s].[ServiceLocationAddress], [s].[ServiceLongitude], [s].[ShopId], [s].[ShopServiceId], [s0].[AddressLine], [s0].[BusinessPermitUrl], [s0].[City], [s0].[ContactNumber], [s0].[CreatedAt], [s0].[Latitude], [s0].[Longitude], [s0].[OwnerUserId], [s0].[Province], [s0].[ShopDescription], [s0].[ShopImageUrl], [s0].[ShopName], [s0].[ShopStatus], [s0].[UpdatedAt], [s1].[BasePrice], [s1].[CategoryId], [s1].[CreatedAt], [s1].[EstimatedMinutes], [s1].[IsActive], [s1].[ServiceDescription], [s1].[ServiceName], [s1].[ShopId], [m].[AvailabilityStatus], [m].[AverageRating], [m].[Bio], [m].[CertificationImageUrl], [m].[CreatedAt], [m].[CurrentLatitude], [m].[CurrentLongitude], [m].[IsVerified], [m].[TotalCompletedJobs], [m].[UpdatedAt], [m].[UserId], [m].[YearsExperience], [u].[AccountStatus], [u].[CreatedAt], [u].[Email], [u].[EmailVerified], [u].[FirstName], [u].[LastName], [u].[PasswordHash], [u].[PhoneNumber], [u].[PhoneVerified], [u].[ProfileImageUrl], [u].[UpdatedAt]
      FROM [dbo].[conversations] AS [c]
      LEFT JOIN [dbo].[service_requests] AS [s] ON [c].[RequestId] = [s].[RequestId]
      LEFT JOIN [dbo].[shops] AS [s0] ON [s].[ShopId] = [s0].[ShopId]
      LEFT JOIN [dbo].[shop_services] AS [s1] ON [s].[ShopServiceId] = [s1].[ShopServiceId]
      LEFT JOIN [dbo].[mechanics] AS [m] ON [s].[MechanicId] = [m].[MechanicId]
      LEFT JOIN [dbo].[users] AS [u] ON [m].[UserId] = [u].[UserId]
      LEFT JOIN (
          SELECT [c1].[ConversationId], [c1].[UserId], [c1].[JoinedAt], [c1].[LastReadAt], [u0].[UserId] AS [UserId0], [u0].[AccountStatus], [u0].[CreatedAt], [u0].[Email], [u0].[EmailVerified], [u0].[FirstName], [u0].[LastName], [u0].[PasswordHash], [u0].[PhoneNumber], [u0].[PhoneVerified], [u0].[ProfileImageUrl], [u0].[UpdatedAt]
          FROM [dbo].[conversation_participants] AS [c1]
          INNER JOIN [dbo].[users] AS [u0] ON [c1].[UserId] = [u0].[UserId]
      ) AS [s2] ON [c].[ConversationId] = [s2].[ConversationId]
      LEFT JOIN [dbo].[messages] AS [m0] ON [c].[ConversationId] = [m0].[ConversationId]
      WHERE EXISTS (
          SELECT 1
          FROM [dbo].[conversation_participants] AS [c0]
          WHERE [c].[ConversationId] = [c0].[ConversationId] AND [c0].[UserId] = @userId)
      ORDER BY COALESCE([c].[LastMessageAt], [c].[CreatedAt]) DESC, [c].[ConversationId], [s].[RequestId], [s0].[ShopId], [s1].[ShopServiceId], [m].[MechanicId], [u].[UserId], [s2].[ConversationId], [s2].[UserId], [s2].[UserId0]
info: Microsoft.EntityFrameworkCore.Database.Command[20101]
      Executed DbCommand (1ms) [Parameters=[@conversationId='?' (DbType = Int32)], CommandType='Text', CommandTimeout='30']
      SELECT [m].[MessageId], [m].[ConversationId], [m].[SenderUserId], [m].[MessageText], [m].[AttachmentUrl], [m].[CreatedAt], [m].[ReadAt]
      FROM [dbo].[messages] AS [m]
      WHERE [m].[ConversationId] = @conversationId
      ORDER BY [m].[CreatedAt]
info: Microsoft.EntityFrameworkCore.Database.Command[20101]
      Executed DbCommand (2ms) [Parameters=[@userId='?' (DbType = Int32)], CommandType='Text', CommandTimeout='30']
      SELECT [c].[ConversationId], [c].[ConversationType], [c].[CreatedAt], [c].[LastMessageAt], [c].[RequestId], [s].[RequestId], [s0].[ShopId], [s1].[ShopServiceId], [m].[MechanicId], [u].[UserId], [s2].[ConversationId], [s2].[UserId], [s2].[JoinedAt], [s2].[LastReadAt], [s2].[UserId0], [s2].[AccountStatus], [s2].[CreatedAt], [s2].[Email], [s2].[EmailVerified], [s2].[FirstName], [s2].[LastName], [s2].[PasswordHash], [s2].[PhoneNumber], [s2].[PhoneVerified], [s2].[ProfileImageUrl], [s2].[UpdatedAt], [m0].[MessageId], [m0].[AttachmentUrl], [m0].[ConversationId], [m0].[CreatedAt], [m0].[MessageText], [m0].[ReadAt], [m0].[SenderUserId], [s].[AcceptedAt], [s].[CancelledAt], [s].[ClientId], [s].[CompletedAt], [s].[CreatedAt], [s].[CurrentStatusId], [s].[EstimatedTotal], [s].[FinalTotal], [s].[IssueDescription], [s].[MechanicId], [s].[MotorcycleId], [s].[ScheduledAt], [s].[ServiceLatitude], [s].[ServiceLocationAddress], [s].[ServiceLongitude], [s].[ShopId], [s].[ShopServiceId], [s0].[AddressLine], [s0].[BusinessPermitUrl], [s0].[City], [s0].[ContactNumber], [s0].[CreatedAt], [s0].[Latitude], [s0].[Longitude], [s0].[OwnerUserId], [s0].[Province], [s0].[ShopDescription], [s0].[ShopImageUrl], [s0].[ShopName], [s0].[ShopStatus], [s0].[UpdatedAt], [s1].[BasePrice], [s1].[CategoryId], [s1].[CreatedAt], [s1].[EstimatedMinutes], [s1].[IsActive], [s1].[ServiceDescription], [s1].[ServiceName], [s1].[ShopId], [m].[AvailabilityStatus], [m].[AverageRating], [m].[Bio], [m].[CertificationImageUrl], [m].[CreatedAt], [m].[CurrentLatitude], [m].[CurrentLongitude], [m].[IsVerified], [m].[TotalCompletedJobs], [m].[UpdatedAt], [m].[UserId], [m].[YearsExperience], [u].[AccountStatus], [u].[CreatedAt], [u].[Email], [u].[EmailVerified], [u].[FirstName], [u].[LastName], [u].[PasswordHash], [u].[PhoneNumber], [u].[PhoneVerified], [u].[ProfileImageUrl], [u].[UpdatedAt]
      FROM [dbo].[conversations] AS [c]
      LEFT JOIN [dbo].[service_requests] AS [s] ON [c].[RequestId] = [s].[RequestId]
      LEFT JOIN [dbo].[shops] AS [s0] ON [s].[ShopId] = [s0].[ShopId]
      LEFT JOIN [dbo].[shop_services] AS [s1] ON [s].[ShopServiceId] = [s1].[ShopServiceId]
      LEFT JOIN [dbo].[mechanics] AS [m] ON [s].[MechanicId] = [m].[MechanicId]
      LEFT JOIN [dbo].[users] AS [u] ON [m].[UserId] = [u].[UserId]
      LEFT JOIN (
          SELECT [c1].[ConversationId], [c1].[UserId], [c1].[JoinedAt], [c1].[LastReadAt], [u0].[UserId] AS [UserId0], [u0].[AccountStatus], [u0].[CreatedAt], [u0].[Email], [u0].[EmailVerified], [u0].[FirstName], [u0].[LastName], [u0].[PasswordHash], [u0].[PhoneNumber], [u0].[PhoneVerified], [u0].[ProfileImageUrl], [u0].[UpdatedAt]
          FROM [dbo].[conversation_participants] AS [c1]
          INNER JOIN [dbo].[users] AS [u0] ON [c1].[UserId] = [u0].[UserId]
      ) AS [s2] ON [c].[ConversationId] = [s2].[ConversationId]
      LEFT JOIN [dbo].[messages] AS [m0] ON [c].[ConversationId] = [m0].[ConversationId]
      WHERE EXISTS (
          SELECT 1
          FROM [dbo].[conversation_participants] AS [c0]
          WHERE [c].[ConversationId] = [c0].[ConversationId] AND [c0].[UserId] = @userId)
      ORDER BY COALESCE([c].[LastMessageAt], [c].[CreatedAt]) DESC, [c].[ConversationId], [s].[RequestId], [s0].[ShopId], [s1].[ShopServiceId], [m].[MechanicId], [u].[UserId], [s2].[ConversationId], [s2].[UserId], [s2].[UserId0]
info: Microsoft.EntityFrameworkCore.Database.Command[20101]
      Executed DbCommand (6ms) [Parameters=[@userId='?' (DbType = Int32)], CommandType='Text', CommandTimeout='30']
      SELECT [p].[PaymentId], [p].[Amount], [p].[CheckoutUrl], [p].[ClientId], [p].[CreatedAt], [p].[Currency], [p].[PaidAt], [p].[PaymentMethodId], [p].[PaymentStatusId], [p].[ProviderCheckoutSessionId], [p].[ProviderName], [p].[ProviderPaymentId], [p].[ProviderReferenceNumber], [p].[RequestId], [p].[UpdatedAt], [p0].[PaymentStatusId], [p0].[StatusName], [c].[ClientId], [c].[CreatedAt], [c].[UserId]
      FROM [dbo].[payments] AS [p]
      INNER JOIN [dbo].[clients] AS [c] ON [p].[ClientId] = [c].[ClientId]
      INNER JOIN [dbo].[payment_statuses] AS [p0] ON [p].[PaymentStatusId] = [p0].[PaymentStatusId]
      WHERE [c].[UserId] = @userId
      ORDER BY [p].[CreatedAt] DESC
info: Microsoft.EntityFrameworkCore.Database.Command[20101]
      Executed DbCommand (10ms) [Parameters=[@userId='?' (DbType = Int32)], CommandType='Text', CommandTimeout='30']
      SELECT [s].[RequestId], [r].[StatusName], [u].[FirstName] + N' ' + [u].[LastName], CASE
          WHEN [m].[MechanicId] IS NULL THEN NULL
          ELSE COALESCE([u0].[FirstName], N'') + N' ' + COALESCE([u0].[LastName], N'')
      END, [s0].[ShopName], [s1].[ServiceName], [s].[IssueDescription], [s].[ServiceLocationAddress], [s].[ScheduledAt], [s].[EstimatedTotal], [s].[FinalTotal], [s].[CreatedAt]
      FROM [dbo].[service_requests] AS [s]
      INNER JOIN [dbo].[clients] AS [c] ON [s].[ClientId] = [c].[ClientId]
      INNER JOIN [dbo].[request_statuses] AS [r] ON [s].[CurrentStatusId] = [r].[StatusId]
      INNER JOIN [dbo].[users] AS [u] ON [c].[UserId] = [u].[UserId]
      LEFT JOIN [dbo].[mechanics] AS [m] ON [s].[MechanicId] = [m].[MechanicId]
      LEFT JOIN [dbo].[users] AS [u0] ON [m].[UserId] = [u0].[UserId]
      LEFT JOIN [dbo].[shops] AS [s0] ON [s].[ShopId] = [s0].[ShopId]
      LEFT JOIN [dbo].[shop_services] AS [s1] ON [s].[ShopServiceId] = [s1].[ShopServiceId]
      WHERE [c].[UserId] = @userId
      ORDER BY [s].[CreatedAt] DESC
info: Microsoft.EntityFrameworkCore.Database.Command[20101]
      Executed DbCommand (0ms) [Parameters=[@userId='?' (DbType = Int32)], CommandType='Text', CommandTimeout='30']
      SELECT [s].[ClientId], [s].[CreatedAt], [s].[UserId], [s].[UserId0], [s].[AccountStatus], [s].[CreatedAt0], [s].[Email], [s].[EmailVerified], [s].[FirstName], [s].[LastName], [s].[PasswordHash], [s].[PhoneNumber], [s].[PhoneVerified], [s].[ProfileImageUrl], [s].[UpdatedAt], [c0].[AddressId], [c0].[AddressLine], [c0].[City], [c0].[ClientId], [c0].[CreatedAt], [c0].[IsDefault], [c0].[Label], [c0].[Latitude], [c0].[Longitude], [c0].[PostalCode], [c0].[Province], [m].[MotorcycleId], [m].[Brand], [m].[ClientId], [m].[Color], [m].[CreatedAt], [m].[EngineType], [m].[Model], [m].[MotorcycleImageUrl], [m].[PlateNumber], [m].[YearModel]
      FROM (
          SELECT TOP(2) [c].[ClientId], [c].[CreatedAt], [c].[UserId], [u].[UserId] AS [UserId0], [u].[AccountStatus], [u].[CreatedAt] AS [CreatedAt0], [u].[Email], [u].[EmailVerified], [u].[FirstName], [u].[LastName], [u].[PasswordHash], [u].[PhoneNumber], [u].[PhoneVerified], [u].[ProfileImageUrl], [u].[UpdatedAt]
          FROM [dbo].[clients] AS [c]
          INNER JOIN [dbo].[users] AS [u] ON [c].[UserId] = [u].[UserId]
          WHERE [c].[UserId] = @userId
      ) AS [s]
      LEFT JOIN [dbo].[client_addresses] AS [c0] ON [s].[ClientId] = [c0].[ClientId]
      LEFT JOIN [dbo].[motorcycles] AS [m] ON [s].[ClientId] = [m].[ClientId]
      ORDER BY [s].[ClientId], [s].[UserId0], [c0].[AddressId]
info: Microsoft.EntityFrameworkCore.Database.Command[20101]
      Executed DbCommand (1ms) [Parameters=[@userId='?' (DbType = Int32)], CommandType='Text', CommandTimeout='30']
      SELECT [s].[RequestId], [r].[StatusName], [u].[FirstName] + N' ' + [u].[LastName], CASE
          WHEN [m].[MechanicId] IS NULL THEN NULL
          ELSE COALESCE([u0].[FirstName], N'') + N' ' + COALESCE([u0].[LastName], N'')
      END, [s0].[ShopName], [s1].[ServiceName], [s].[IssueDescription], [s].[ServiceLocationAddress], [s].[ScheduledAt], [s].[EstimatedTotal], [s].[FinalTotal], [s].[CreatedAt]
      FROM [dbo].[service_requests] AS [s]
      INNER JOIN [dbo].[clients] AS [c] ON [s].[ClientId] = [c].[ClientId]
      INNER JOIN [dbo].[request_statuses] AS [r] ON [s].[CurrentStatusId] = [r].[StatusId]
      INNER JOIN [dbo].[users] AS [u] ON [c].[UserId] = [u].[UserId]
      LEFT JOIN [dbo].[mechanics] AS [m] ON [s].[MechanicId] = [m].[MechanicId]
      LEFT JOIN [dbo].[users] AS [u0] ON [m].[UserId] = [u0].[UserId]
      LEFT JOIN [dbo].[shops] AS [s0] ON [s].[ShopId] = [s0].[ShopId]
      LEFT JOIN [dbo].[shop_services] AS [s1] ON [s].[ShopServiceId] = [s1].[ShopServiceId]
      WHERE [c].[UserId] = @userId
      ORDER BY [s].[CreatedAt] DESC
